
optiboot.elf:     file format elf32-avr

Sections:
Idx Name          Size      VMA       LMA       File off  Algn
  0 .data         00000000  00800100  00007ffa  0000026e  2**0
                  CONTENTS, ALLOC, LOAD, DATA
  1 .version      00000002  00007ffe  00007ffe  0000026e  2**0
                  CONTENTS, READONLY
  2 .text         000001fa  00007e00  00007e00  00000074  2**1
                  CONTENTS, ALLOC, LOAD, READONLY, CODE
  3 .stab         00000bac  00000000  00000000  00000270  2**2
                  CONTENTS, READONLY, DEBUGGING
  4 .stabstr      00000058  00000000  00000000  00000e1c  2**0
                  CONTENTS, READONLY, DEBUGGING

Disassembly of section .text:

00007e00 <__ctors_end>:
    7e00:	08 c0       	rjmp	.+16     	; 0x7e12 <optiboot>

00007e02 <do_spm>:
    7e02:	fc 01       	movw	r30, r24
    7e04:	0a 01       	movw	r0, r20
    7e06:	67 bf       	out	0x37, r22	; 55
    7e08:	e8 95       	spm
    7e0a:	11 24       	eor	r1, r1
    7e0c:	d1 d0       	rcall	.+418    	; 0x7fb0 <wait_flash_ready>
    7e0e:	41 e1       	ldi	r20, 0x11	; 17
    7e10:	d5 c0       	rjmp	.+426    	; 0x7fbc <my_do_spm>

00007e12 <optiboot>:
	.func optiboot
	.global optiboot
# generate no pre_main code, if NO_APP_SPM is greater 1
#if (NO_APP_SPM < 2)
pre_main:
	rjmp	optiboot
    7e12:	f8 94       	cli
    7e14:	11 24       	eor	r1, r1
    7e16:	24 b6       	in	r2, 0x34	; 52
    7e18:	14 be       	out	0x34, r1	; 52
    7e1a:	2e ba       	out	0x1e, r2	; 30
    7e1c:	8d e0       	ldi	r24, 0x0D	; 13
    7e1e:	82 21       	and	r24, r2
    7e20:	29 f0       	breq	.+10     	; 0x7e2c <try_loader>

00007e22 <appStart>:
    7e22:	40 e0       	ldi	r20, 0x00	; 0
    7e24:	ce d0       	rcall	.+412    	; 0x7fc2 <watchdogConfig>
    7e26:	ee 27       	eor	r30, r30
    7e28:	ff 27       	eor	r31, r31
    7e2a:	09 94       	ijmp

00007e2c <try_loader>:
    7e2c:	25 9a       	sbi	0x04, 5	; 4
    7e2e:	4e e0       	ldi	r20, 0x0E	; 14
    7e30:	c8 d0       	rcall	.+400    	; 0x7fc2 <watchdogConfig>
    7e32:	20 e0       	ldi	r18, 0x00	; 0
    7e34:	31 e0       	ldi	r19, 0x01	; 1
    7e36:	82 e0       	ldi	r24, 0x02	; 2
    7e38:	80 93 c0 00 	sts	0x00C0, r24	; 0x8000c0 <__DATA_REGION_ORIGIN__+0x60>
    7e3c:	9e e0       	ldi	r25, 0x0E	; 14
    7e3e:	90 93 c2 00 	sts	0x00C2, r25	; 0x8000c2 <__DATA_REGION_ORIGIN__+0x62>
    7e42:	90 e1       	ldi	r25, 0x10	; 16
    7e44:	90 93 c4 00 	sts	0x00C4, r25	; 0x8000c4 <__DATA_REGION_ORIGIN__+0x64>
    7e48:	88 e1       	ldi	r24, 0x18	; 24
    7e4a:	80 93 c1 00 	sts	0x00C1, r24	; 0x8000c1 <__DATA_REGION_ORIGIN__+0x61>
    7e4e:	53 e0       	ldi	r21, 0x03	; 3

00007e50 <fl_lop>:
    7e50:	2d 9a       	sbi	0x05, 5	; 5
    7e52:	bd d0       	rcall	.+378    	; 0x7fce <wait_T1ov>
    7e54:	28 f0       	brcs	.+10     	; 0x7e60 <fl_lop_end>
    7e56:	2d 98       	cbi	0x05, 5	; 5
    7e58:	ba d0       	rcall	.+372    	; 0x7fce <wait_T1ov>
    7e5a:	10 f0       	brcs	.+4      	; 0x7e60 <fl_lop_end>
    7e5c:	51 50       	subi	r21, 0x01	; 1
    7e5e:	c1 f7       	brne	.-16     	; 0x7e50 <fl_lop>

00007e60 <fl_lop_end>:
    7e60:	8f d0       	rcall	.+286    	; 0x7f80 <getch>
    7e62:	81 34       	cpi	r24, 0x41	; 65
    7e64:	61 f4       	brne	.+24     	; 0x7e7e <ck_SET_DEV>
    7e66:	8c d0       	rcall	.+280    	; 0x7f80 <getch>
    7e68:	58 2f       	mov	r21, r24
    7e6a:	7d d0       	rcall	.+250    	; 0x7f66 <verifySpace>
    7e6c:	83 e0       	ldi	r24, 0x03	; 3
    7e6e:	52 38       	cpi	r21, 0x82	; 130
    7e70:	21 f0       	breq	.+8      	; 0x7e7a <to_putch>
    7e72:	83 e0       	ldi	r24, 0x03	; 3
    7e74:	51 38       	cpi	r21, 0x81	; 129
    7e76:	09 f4       	brne	.+2      	; 0x7e7a <to_putch>
    7e78:	84 e7       	ldi	r24, 0x74	; 116

00007e7a <to_putch>:
    7e7a:	7a d0       	rcall	.+244    	; 0x7f70 <ptch1>
    7e7c:	5c c0       	rjmp	.+184    	; 0x7f36 <put_ok>

00007e7e <ck_SET_DEV>:
    7e7e:	44 e1       	ldi	r20, 0x14	; 20
    7e80:	82 34       	cpi	r24, 0x42	; 66
    7e82:	19 f0       	breq	.+6      	; 0x7e8a <to_getNch>
    7e84:	45 e0       	ldi	r20, 0x05	; 5
    7e86:	85 34       	cpi	r24, 0x45	; 69
    7e88:	11 f4       	brne	.+4      	; 0x7e8e <ck_LA>

00007e8a <to_getNch>:
    7e8a:	6a d0       	rcall	.+212    	; 0x7f60 <getNch>

00007e8c <to_put_ok>:
    7e8c:	54 c0       	rjmp	.+168    	; 0x7f36 <put_ok>

00007e8e <ck_LA>:
    7e8e:	85 35       	cpi	r24, 0x55	; 85
    7e90:	41 f4       	brne	.+16     	; 0x7ea2 <ck_UNI>
    7e92:	76 d0       	rcall	.+236    	; 0x7f80 <getch>
    7e94:	48 2e       	mov	r4, r24
    7e96:	74 d0       	rcall	.+232    	; 0x7f80 <getch>
    7e98:	58 2e       	mov	r5, r24
    7e9a:	44 0c       	add	r4, r4
    7e9c:	55 1c       	adc	r5, r5
    7e9e:	f2 01       	movw	r30, r4
    7ea0:	5d c0       	rjmp	.+186    	; 0x7f5c <ver_put>

00007ea2 <ck_UNI>:
    7ea2:	86 35       	cpi	r24, 0x56	; 86
    7ea4:	21 f4       	brne	.+8      	; 0x7eae <ck_PP>
    7ea6:	44 e0       	ldi	r20, 0x04	; 4
    7ea8:	5b d0       	rcall	.+182    	; 0x7f60 <getNch>
    7eaa:	80 e0       	ldi	r24, 0x00	; 0
    7eac:	e6 cf       	rjmp	.-52     	; 0x7e7a <to_putch>

00007eae <ck_PP>:
    7eae:	84 36       	cpi	r24, 0x64	; 100
    7eb0:	09 f0       	breq	.+2      	; 0x7eb4 <is_PROG>
    7eb2:	2e c0       	rjmp	.+92     	; 0x7f10 <ck_READP>

00007eb4 <is_PROG>:
    7eb4:	74 d0       	rcall	.+232    	; 0x7f9e <get_length>
    7eb6:	21 f0       	breq	.+8      	; 0x7ec0 <no_pg_erase>
    7eb8:	80 e7       	ldi	r24, 0x70	; 112
    7eba:	58 16       	cp	r5, r24
    7ebc:	08 f4       	brcc	.+2      	; 0x7ec0 <no_pg_erase>
    7ebe:	7c d0       	rcall	.+248    	; 0x7fb8 <boot_page_erase>

00007ec0 <no_pg_erase>:
    7ec0:	e9 01       	movw	r28, r18

00007ec2 <fill_buf>:
    7ec2:	5e d0       	rcall	.+188    	; 0x7f80 <getch>
    7ec4:	89 93       	st	Y+, r24
    7ec6:	11 97       	sbiw	r26, 0x01	; 1
    7ec8:	e1 f7       	brne	.-8      	; 0x7ec2 <fill_buf>
    7eca:	d8 01       	movw	r26, r16
    7ecc:	e9 01       	movw	r28, r18
    7ece:	4b d0       	rcall	.+150    	; 0x7f66 <verifySpace>
    7ed0:	61 10       	cpse	r6, r1
    7ed2:	09 c0       	rjmp	.+18     	; 0x7ee6 <write_flash>

00007ed4 <ee_wrlop>:
    7ed4:	a8 95       	wdr
    7ed6:	89 91       	ld	r24, Y+
    7ed8:	5c d0       	rcall	.+184    	; 0x7f92 <set_eeprom_adr>
    7eda:	80 bd       	out	0x20, r24	; 32
    7edc:	fa 9a       	sbi	0x1f, 2	; 31
    7ede:	f9 9a       	sbi	0x1f, 1	; 31
    7ee0:	11 97       	sbiw	r26, 0x01	; 1
    7ee2:	c1 f7       	brne	.-16     	; 0x7ed4 <ee_wrlop>
    7ee4:	28 c0       	rjmp	.+80     	; 0x7f36 <put_ok>

00007ee6 <write_flash>:
    7ee6:	80 e7       	ldi	r24, 0x70	; 112
    7ee8:	58 16       	cp	r5, r24
    7eea:	08 f0       	brcs	.+2      	; 0x7eee <no_erase1>
    7eec:	65 d0       	rcall	.+202    	; 0x7fb8 <boot_page_erase>

00007eee <no_erase1>:
    7eee:	60 d0       	rcall	.+192    	; 0x7fb0 <wait_flash_ready>
    7ef0:	f2 01       	movw	r30, r4

00007ef2 <wr_lop1>:
    7ef2:	09 90       	ld	r0, Y+
    7ef4:	19 90       	ld	r1, Y+
    7ef6:	41 e0       	ldi	r20, 0x01	; 1
    7ef8:	61 d0       	rcall	.+194    	; 0x7fbc <my_do_spm>
    7efa:	11 24       	eor	r1, r1
    7efc:	32 96       	adiw	r30, 0x02	; 2
    7efe:	12 97       	sbiw	r26, 0x02	; 2
    7f00:	c1 f7       	brne	.-16     	; 0x7ef2 <wr_lop1>
    7f02:	f2 01       	movw	r30, r4
    7f04:	45 e0       	ldi	r20, 0x05	; 5
    7f06:	5a d0       	rcall	.+180    	; 0x7fbc <my_do_spm>
    7f08:	53 d0       	rcall	.+166    	; 0x7fb0 <wait_flash_ready>
    7f0a:	41 e1       	ldi	r20, 0x11	; 17
    7f0c:	57 d0       	rcall	.+174    	; 0x7fbc <my_do_spm>
    7f0e:	13 c0       	rjmp	.+38     	; 0x7f36 <put_ok>

00007f10 <ck_READP>:
    7f10:	84 37       	cpi	r24, 0x74	; 116
    7f12:	a1 f4       	brne	.+40     	; 0x7f3c <ck_READS>
    7f14:	44 d0       	rcall	.+136    	; 0x7f9e <get_length>
    7f16:	27 d0       	rcall	.+78     	; 0x7f66 <verifySpace>
    7f18:	66 20       	and	r6, r6
    7f1a:	39 f4       	brne	.+14     	; 0x7f2a <flash_read>

00007f1c <ee_rd_lop2>:
    7f1c:	11 97       	sbiw	r26, 0x01	; 1
    7f1e:	50 f0       	brcs	.+20     	; 0x7f34 <next_adr_put_ok>
    7f20:	38 d0       	rcall	.+112    	; 0x7f92 <set_eeprom_adr>
    7f22:	f8 9a       	sbi	0x1f, 0	; 31
    7f24:	80 b5       	in	r24, 0x20	; 32
    7f26:	24 d0       	rcall	.+72     	; 0x7f70 <ptch1>
    7f28:	f9 cf       	rjmp	.-14     	; 0x7f1c <ee_rd_lop2>

00007f2a <flash_read>:
    7f2a:	f2 01       	movw	r30, r4

00007f2c <flash_rd_lop>:
    7f2c:	85 91       	lpm	r24, Z+
    7f2e:	20 d0       	rcall	.+64     	; 0x7f70 <ptch1>
    7f30:	11 97       	sbiw	r26, 0x01	; 1
    7f32:	e1 f7       	brne	.-8      	; 0x7f2c <flash_rd_lop>

00007f34 <next_adr_put_ok>:
    7f34:	2f 01       	movw	r4, r30

00007f36 <put_ok>:
    7f36:	80 e1       	ldi	r24, 0x10	; 16
    7f38:	1b d0       	rcall	.+54     	; 0x7f70 <ptch1>

00007f3a <to_get_nextp>:
    7f3a:	92 cf       	rjmp	.-220    	; 0x7e60 <fl_lop_end>

00007f3c <ck_READS>:
    7f3c:	85 37       	cpi	r24, 0x75	; 117
    7f3e:	41 f4       	brne	.+16     	; 0x7f50 <ck_EOP>
    7f40:	49 f4       	brne	.+18     	; 0x7f54 <ck_LEAVE>
    7f42:	11 d0       	rcall	.+34     	; 0x7f66 <verifySpace>
    7f44:	8e e1       	ldi	r24, 0x1E	; 30
    7f46:	14 d0       	rcall	.+40     	; 0x7f70 <ptch1>
    7f48:	85 e9       	ldi	r24, 0x95	; 149
    7f4a:	12 d0       	rcall	.+36     	; 0x7f70 <ptch1>
    7f4c:	84 e1       	ldi	r24, 0x14	; 20
    7f4e:	95 cf       	rjmp	.-214    	; 0x7e7a <to_putch>

00007f50 <ck_EOP>:
    7f50:	80 32       	cpi	r24, 0x20	; 32
    7f52:	99 f3       	breq	.-26     	; 0x7f3a <to_get_nextp>

00007f54 <ck_LEAVE>:
    7f54:	81 35       	cpi	r24, 0x51	; 81
    7f56:	11 f4       	brne	.+4      	; 0x7f5c <ver_put>
    7f58:	48 e0       	ldi	r20, 0x08	; 8
    7f5a:	33 d0       	rcall	.+102    	; 0x7fc2 <watchdogConfig>

00007f5c <ver_put>:
    7f5c:	04 d0       	rcall	.+8      	; 0x7f66 <verifySpace>
    7f5e:	eb cf       	rjmp	.-42     	; 0x7f36 <put_ok>

00007f60 <getNch>:
    7f60:	0f d0       	rcall	.+30     	; 0x7f80 <getch>
    7f62:	41 50       	subi	r20, 0x01	; 1
    7f64:	e9 f7       	brne	.-6      	; 0x7f60 <getNch>

00007f66 <verifySpace>:
    7f66:	0c d0       	rcall	.+24     	; 0x7f80 <getch>
    7f68:	80 32       	cpi	r24, 0x20	; 32
    7f6a:	09 f0       	breq	.+2      	; 0x7f6e <no_to>
    7f6c:	43 d0       	rcall	.+134    	; 0x7ff4 <wait_timeout>

00007f6e <no_to>:
    7f6e:	84 e1       	ldi	r24, 0x14	; 20

00007f70 <ptch1>:
    7f70:	90 91 c0 00 	lds	r25, 0x00C0	; 0x8000c0 <__DATA_REGION_ORIGIN__+0x60>
    7f74:	95 ff       	sbrs	r25, 5
    7f76:	fc cf       	rjmp	.-8      	; 0x7f70 <ptch1>
    7f78:	80 93 c6 00 	sts	0x00C6, r24	; 0x8000c6 <__DATA_REGION_ORIGIN__+0x66>
    7f7c:	a8 95       	wdr
    7f7e:	08 95       	ret

00007f80 <getch>:
    7f80:	80 91 c0 00 	lds	r24, 0x00C0	; 0x8000c0 <__DATA_REGION_ORIGIN__+0x60>
    7f84:	87 ff       	sbrs	r24, 7
    7f86:	fc cf       	rjmp	.-8      	; 0x7f80 <getch>
    7f88:	84 ff       	sbrs	r24, 4
    7f8a:	a8 95       	wdr
    7f8c:	80 91 c6 00 	lds	r24, 0x00C6	; 0x8000c6 <__DATA_REGION_ORIGIN__+0x66>
    7f90:	08 95       	ret

00007f92 <set_eeprom_adr>:
    7f92:	f9 99       	sbic	0x1f, 1	; 31
    7f94:	fe cf       	rjmp	.-4      	; 0x7f92 <set_eeprom_adr>
    7f96:	f2 bd       	out	0x22, r31	; 34
    7f98:	e1 bd       	out	0x21, r30	; 33
    7f9a:	31 96       	adiw	r30, 0x01	; 1
    7f9c:	08 95       	ret

00007f9e <get_length>:
    7f9e:	f0 df       	rcall	.-32     	; 0x7f80 <getch>
    7fa0:	18 2f       	mov	r17, r24
    7fa2:	ee df       	rcall	.-36     	; 0x7f80 <getch>
    7fa4:	08 2f       	mov	r16, r24
    7fa6:	d8 01       	movw	r26, r16
    7fa8:	eb df       	rcall	.-42     	; 0x7f80 <getch>
    7faa:	85 54       	subi	r24, 0x45	; 69
    7fac:	68 2e       	mov	r6, r24
    7fae:	08 95       	ret

00007fb0 <wait_flash_ready>:
    7fb0:	07 b6       	in	r0, 0x37	; 55
    7fb2:	00 fc       	sbrc	r0, 0
    7fb4:	fd cf       	rjmp	.-6      	; 0x7fb0 <wait_flash_ready>
    7fb6:	08 95       	ret

00007fb8 <boot_page_erase>:
    7fb8:	f2 01       	movw	r30, r4
    7fba:	43 e0       	ldi	r20, 0x03	; 3

00007fbc <my_do_spm>:
    7fbc:	47 bf       	out	0x37, r20	; 55
    7fbe:	e8 95       	spm

00007fc0 <no_erase4>:
    7fc0:	08 95       	ret

00007fc2 <watchdogConfig>:
    7fc2:	58 e1       	ldi	r21, 0x18	; 24
    7fc4:	50 93 60 00 	sts	0x0060, r21	; 0x800060 <__DATA_REGION_ORIGIN__>
    7fc8:	40 93 60 00 	sts	0x0060, r20	; 0x800060 <__DATA_REGION_ORIGIN__>
    7fcc:	08 95       	ret

00007fce <wait_T1ov>:
    7fce:	8c ef       	ldi	r24, 0xFC	; 252
    7fd0:	80 93 85 00 	sts	0x0085, r24	; 0x800085 <__DATA_REGION_ORIGIN__+0x25>
    7fd4:	82 ef       	ldi	r24, 0xF2	; 242
    7fd6:	80 93 84 00 	sts	0x0084, r24	; 0x800084 <__DATA_REGION_ORIGIN__+0x24>
    7fda:	85 e0       	ldi	r24, 0x05	; 5
    7fdc:	80 93 81 00 	sts	0x0081, r24	; 0x800081 <__DATA_REGION_ORIGIN__+0x21>

00007fe0 <wt_ov1>:
    7fe0:	08 94       	sec
    7fe2:	48 9b       	sbis	0x09, 0	; 9
    7fe4:	08 95       	ret
    7fe6:	86 b3       	in	r24, 0x16	; 22
    7fe8:	80 ff       	sbrs	r24, 0
    7fea:	fa cf       	rjmp	.-12     	; 0x7fe0 <wt_ov1>
    7fec:	86 bb       	out	0x16, r24	; 22
    7fee:	88 94       	clc
    7ff0:	a8 95       	wdr
    7ff2:	08 95       	ret

00007ff4 <wait_timeout>:
    7ff4:	48 e0       	ldi	r20, 0x08	; 8
    7ff6:	e5 df       	rcall	.-54     	; 0x7fc2 <watchdogConfig>

00007ff8 <lop77>:
    7ff8:	ff cf       	rjmp	.-2      	; 0x7ff8 <lop77>
; 
; FORCE_WATCHDOG=
; LED_START_FLASHES=3
; LED_DATA_FLASH=
; LED=B5
; UART=0
; SOURCE_TYPE=S
; SUPPORT_EEPROM=1
; MCU_TARGET = atmega328
; AVR_FREQ= 16000000
; BAUD_RATE=115200
