
optiboot.elf:     file format elf32-avr

Sections:
Idx Name          Size      VMA       LMA       File off  Algn
  0 .data         00000000  00800100  00003ff2  00000266  2**0
                  CONTENTS, ALLOC, LOAD, DATA
  1 .version      00000002  00003ffe  00003ffe  00000266  2**0
                  CONTENTS, READONLY
  2 .text         000001f2  00003e00  00003e00  00000074  2**1
                  CONTENTS, ALLOC, LOAD, READONLY, CODE
  3 .stab         00000b40  00000000  00000000  00000268  2**2
                  CONTENTS, READONLY, DEBUGGING
  4 .stabstr      00000048  00000000  00000000  00000da8  2**0
                  CONTENTS, READONLY, DEBUGGING

Disassembly of section .text:

00003e00 <__ctors_end>:
  #endif
 #endif
#endif

optiboot:
	cli
    3e00:	f8 94       	cli
	eor	r1, r1
    3e02:	11 24       	eor	r1, r1
   * still use the watchdog to reset the bootloader too.
   */

//#define marker (*(uint32_t *) (RAMEND - 16 - 3))

	AIN	r2, MCUCSR
    3e04:	24 b6       	in	r2, 0x34	; 52
;	clr	r1
	AOUT	MCUCSR, r1	; MCUCSR = 0
    3e06:	14 be       	out	0x34, r1	; 52
	AOUT	RESET_CAUSE, r2	; save reason of restart (MCUCSR) in IO register
    3e08:	2e ba       	out	0x1e, r2	; 30
#else		/* no FORCE_WATCHDOG */
  // save the reset flags in the designated register
  //  This can be saved in a main program by putting code in .init0 (which
  //  executes before normal c init code) to save R2 to a global variable.
 #if TEST_OUTPUT == 0
	ldi	r24, (1<<WDRF)|(1<<PORF)|(1<<BORF)  ;0x0D
    3e0a:	8d e0       	ldi	r24, 0x0D	; 13
	and	r24, r2		; r2 hold the reset reason , MCUCSR
    3e0c:	82 21       	and	r24, r2
		; none of the WatchDog, PowerOn or BrownOut reason ?
	breq	try_loader	; interrupt must be caused by a external reset
    3e0e:	29 f0       	breq	.+10     	; 0x3e1a <try_loader>

00003e10 <appStart>:
#if (defined(__AVR_ATtiny841__) || defined(__AVR_ATtiny441__) || defined(__AVR_ATtiny1634__)) && (WATCHDOG_TIME == WATCHDOG_OFF)
	ldi	r21, 0xD8	; special signature to change protected I/O register
	AOUT	CCP, r21
	AOUT	WDTCSR, r1	; clear watchdog timer
#else
	ldi	r20, WATCHDOG_TIME	; _OFF or _4S depending on FORCE_WATCHDOG
    3e10:	40 e0       	ldi	r20, 0x00	; 0
	rcall	watchdogConfig		; WATCHDOG_OFF (or _4S if FORCE_WATCHDOG)
    3e12:	e6 d0       	rcall	.+460    	; 0x3fe0 <watchdogConfig>

#if	VIRTUAL_BOOT_PARTITION > 0
	ldi	ZL, save_vect_addr/2		; // Jump to WDT vector (jmp or rjmp table)
	eor	ZH, ZH
#else
       	eor	ZL, ZL	; // Jump to RST vector	 0x0000
    3e14:	ee 27       	eor	r30, r30
      	eor	ZH, ZH
    3e16:	ff 27       	eor	r31, r31
#endif
       	ijmp
    3e18:	09 94       	ijmp

00003e1a <try_loader>:

/* If the LED_DDR bit would be switched, no prepare is needed */
/* because the LED_PORT bit is set to 0 by reset */
/* But the LED Anode must be connected to the VCC side */
#if (LED_START_FLASHES != 0) || (LED_DATA_FLASH > 0)
	ASBI	LED_DDR, LEDbit			; set LED Port bit to output mode
    3e1a:	25 9a       	sbi	0x04, 5	; 4
 #if ( (LED_DATA_FLASH & 0x04) > 0)
   /* LED_DATA_FLASH=4 will put the light steady on */
	ASBI	LED_PORT, LEDbit
    3e1c:	2d 9a       	sbi	0x05, 5	; 5
	ldi	r20, WATCHDOG_1S	;0x0E
 #else
	ldi	r20, WATCHDOG_500MS	;
 #endif
#else
	ldi	r20, WATCHDOG_1S	;0x0E	(default value)
    3e1e:	4e e0       	ldi	r20, 0x0E	; 14
#endif
	rcall	watchdogConfig
    3e20:	df d0       	rcall	.+446    	; 0x3fe0 <watchdogConfig>
#endif

#if FLASHEND > 0x1ffff
	clr	r3			; reset mode
#endif
	ldi	r18, lo8(RAMSTART)	; r18:r19 = RAMSTART
    3e22:	20 e0       	ldi	r18, 0x00	; 0
	ldi	r19, hi8(RAMSTART)	; 
    3e24:	31 e0       	ldi	r19, 0x01	; 1

00003e26 <next_try>:

next_try:
#if ((LED_DATA_FLASH & 0x01) > 0) && defined(LED_PORT) && defined(LEDbit)
	ASBI	LED_PORT, LEDbit
#endif
	wdr				; watchdog timer reset
    3e26:	a8 95       	wdr

00003e28 <wt_rx0low>:
wt_rx0low:
#if INVERSE_UART > 0
	ASBIC	UART_RX_PIN, UART_RX_BIT	; Look if RX is still high
#else
	ASBIS	UART_RX_PIN, UART_RX_BIT	; Look if RX is still low
    3e28:	48 9b       	sbis	0x09, 0	; 9
#endif
	rjmp	wt_rx0low			; wait for at least one 1 read
    3e2a:	fe cf       	rjmp	.-4      	; 0x3e28 <wt_rx0low>

00003e2c <RX_was_high>:
 #define TIFR1 TIFR
#endif


#if SOFT_UART == 0
	ldi	r24, UART_SCALER8	; double speed mode
    3e2c:	82 e0       	ldi	r24, 0x02	; 2
	AOUT	UART_CNTL, r24		; set UART scaler to 8, double speed
    3e2e:	80 93 c0 00 	sts	0x00C0, r24	; 0x8000c0 <__DATA_REGION_ORIGIN__+0x60>
	ldi	r23, (1<<UART_SEL)|(TWO_STOP_BITS<<USBS0)|(1<<UCSZ01)|(1<<UCSZ00)	;config UART U8N2
	AOUT	UART_SRC, r23
 #else
    /* no ATmega8_16_32 */
  #if !defined(__AVR_ATmega163__) && !defined(__AVR_ATtiny87__) && !defined(__AVR_ATtiny167__)
	ldi	r23, (TWO_STOP_BITS<<USBS0)|(1<<UCSZ00)|(1<<UCSZ01)	;config UART U8N2
    3e32:	7e e0       	ldi	r23, 0x0E	; 14
	AOUT	UART_SRC, r23
    3e34:	70 93 c2 00 	sts	0x00C2, r23	; 0x8000c2 <__DATA_REGION_ORIGIN__+0x62>
  ; prepare the counter 1
 #if (CounterClockDiv == 8) && defined(GTCCR)
	ldi	r24, (1<<TSM)|(1<<PSRSYNC)
        AOUT    GTCCR, r24		; reset Prescaler, stop Counters
 #else
	AOUT	CNT16_CCRB, r1		; Stop counter 1 
    3e38:	10 92 81 00 	sts	0x0081, r1	; 0x800081 <__DATA_REGION_ORIGIN__+0x21>
 #endif
	AOUT	CNT16_CNTH, r1		; set initial counter to 0
    3e3c:	10 92 85 00 	sts	0x0085, r1	; 0x800085 <__DATA_REGION_ORIGIN__+0x25>
	AOUT	CNT16_CNTL, r1
    3e40:	10 92 84 00 	sts	0x0084, r1	; 0x800084 <__DATA_REGION_ORIGIN__+0x24>
; wait, if the UART-RX-Bit is low
 #if (CounterClockDiv == 8) && defined(GTCCR)
        ldi	r24, START_COUNTER_COMMAND      ; start counter with /8 scaler, but is still stopped
	AOUT	CNT16_CCRB, r24		; Start counter 1 with /8 scaler for 9-Bit measure, still stopped
 #else
	ldi	r24, START_COUNTER_COMMAND	; start command for counter with /8 scaler or full speed
    3e44:	81 e0       	ldi	r24, 0x01	; 1

00003e46 <wt_rx0l>:
 #endif
wt_rx0l:
 #if INVERSE_UART > 0
	ASBIS	UART_RX_PIN, UART_RX_BIT	; Look if RX is still low, INVERSE
 #else
	ASBIC	UART_RX_PIN, UART_RX_BIT	; Look if RX is still high
    3e46:	48 99       	sbic	0x09, 0	; 9
 #endif
	rjmp	wt_rx0l
    3e48:	fe cf       	rjmp	.-4      	; 0x3e46 <wt_rx0l>

00003e4a <wt_rx1s>:
 #endif
wt_rx1s:
 #if INVERSE_UART > 0
	ASBIC	UART_RX_PIN, UART_RX_BIT	; Look if RX is still high
 #else
	ASBIS	UART_RX_PIN, UART_RX_BIT	; Look if RX is still low
    3e4a:	48 9b       	sbis	0x09, 0	; 9
 #endif
	rjmp	wt_rx1s
    3e4c:	fe cf       	rjmp	.-4      	; 0x3e4a <wt_rx1s>
	; begin of first "1" data bit is found after S0000, if it was a STK_GET_SYNC, 0x30
 #if (Bits2Measure == 2) || (Bits2Measure == 4)
  #if (CounterClockDiv == 8) && defined(GTCCR)
	AOUT	GTCCR, r1		; start prescaler and counters
  #else
	AOUT	CNT16_CCRB, r24		; Start counter 1 with or without /8 scaler for 2-Bit or 4-Bit measure
    3e4e:	80 93 81 00 	sts	0x0081, r24	; 0x800081 <__DATA_REGION_ORIGIN__+0x21>

00003e52 <wt_rx0bs>:
	rjmp	next_try		; upper limit for 2x Baud-time is reached
 #endif
 #if INVERSE_UART > 0
	ASBIS	UART_RX_PIN, UART_RX_BIT	; Look if RX is still low
 #else
	ASBIC	UART_RX_PIN, UART_RX_BIT	; Look if RX is still high
    3e52:	48 99       	sbic	0x09, 0	; 9
 #endif
	rjmp	wt_rx0bs
    3e54:	fe cf       	rjmp	.-4      	; 0x3e52 <wt_rx0bs>

00003e56 <wt_rx1bs>:
 ; Transmission of byte is not finished, we must wait for last two "0" Bits
wt_rx1bs:
 #if INVERSE_UART > 0
	ASBIC	UART_RX_PIN, UART_RX_BIT	; Look if RX is still high
 #else
	ASBIS	UART_RX_PIN, UART_RX_BIT	; Look if RX is still low
    3e56:	48 9b       	sbis	0x09, 0	; 9
 #endif
	rjmp	wt_rx1bs
    3e58:	fe cf       	rjmp	.-4      	; 0x3e56 <wt_rx1bs>

 #if (Bits2Measure == 4) || (Bits2Measure == 9)
	AIN	r24, CNT16_CNTL		; read counter after second '0' bit is finished, 4-Bit or 9-Bit time
    3e5a:	80 91 84 00 	lds	r24, 0x0084	; 0x800084 <__DATA_REGION_ORIGIN__+0x24>
	AIN	r25, CNT16_CNTH
    3e5e:	90 91 85 00 	lds	r25, 0x0085	; 0x800085 <__DATA_REGION_ORIGIN__+0x25>
;	sbiw	r24, 28		; (four_bit_time - 28) / 32, faster selection than correct round up
;    #elif defined(__AVR_ATmega162__)
;	sbiw	r24, 19		; (four_bit_time - 19) / 32, faster selection than correct round up
;   #else
;	sbiw	r24, 16		; (four_bit_time - 16) / 32, correct round up, but many errors with CH340
	sbiw	r24, 14		; (four_bit_time - 14) / 32, slower baud than correct round up, 12 Err CH340
    3e62:	0e 97       	sbiw	r24, 0x0e	; 14
;	sbiw	r24, 12		; (four_bit_time - 14) / 32, slower baud than correct round up, 0 Err CH340, but err with FT232
;   #endif
	ldi	r28, 5		; divide by 32 is done with 5 shifts in a loop
    3e64:	c5 e0       	ldi	r28, 0x05	; 5

00003e66 <div4lop1>:
div4lop1:
	lsr	r25
    3e66:	96 95       	lsr	r25
	ror	r24
    3e68:	87 95       	ror	r24
	dec	r28
    3e6a:	ca 95       	dec	r28
	brne	div4lop1
    3e6c:	e1 f7       	brne	.-8      	; 0x3e66 <div4lop1>
	ror	r24		; rotate through carry
	lsr	r25
	ror	r24		; rotate through carry
   #endif	/* CounterClockDiv */
	; now we can start the UART
	AOUT	UART_SRRH, r25
    3e6e:	90 93 c5 00 	sts	0x00C5, r25	; 0x8000c5 <__DATA_REGION_ORIGIN__+0x65>
	AOUT	UART_SRRL, r24		; set the UART divider
    3e72:	80 93 c4 00 	sts	0x00C4, r24	; 0x8000c4 <__DATA_REGION_ORIGIN__+0x64>

#if SOFT_UART == 0 
 #ifdef UART_ONE_WIRE
	ldi	r24, UART_ENABLE_RX
 #else
	ldi	r24, UART_ENABLE_RX|UART_ENABLE_TX
    3e76:	88 e1       	ldi	r24, 0x18	; 24
 #endif
	AOUT	UART_SRB, r24
    3e78:	80 93 c1 00 	sts	0x00C1, r24	; 0x8000c1 <__DATA_REGION_ORIGIN__+0x61>
#endif

#if TEST_OUTPUT == 1
	rjmp	test_out	; output 'U'= S10101010P for speed measuring
#else
	rjmp	ver_put		;  rcall verifySpace; rjmp put_ok
    3e7c:	7e c0       	rjmp	.+252    	; 0x3f7a <ver_put>

00003e7e <get_nextp>:

;=-=-=-=-=-=-=-=-=-=-=-=-=-=-=-=-=-=-=-=-=-=-=-=-=-=-=-=-=-
  /* Forever loop */
;=-=-=-=-=-=-=-=-=-=-=-=-=-=-=-=-=-=-=-=-=-=-=-=-=-=-=-=-=-
get_nextp:
	rcall	getch
    3e7e:	8f d0       	rcall	.+286    	; 0x3f9e <getch>
;=-=-=-=-=-=-=-=-=-=-=-=-=-=-=-=-=-=-=-=-=-=-=-=-=-=-=-=-=-
	cpi	r24, STK_GET_PARAMETER		; 'A' 0x41
    3e80:	81 34       	cpi	r24, 0x41	; 65
	brne	fin_get_par
    3e82:	61 f4       	brne	.+24     	; 0x3e9c <ck_SET_DEV>
// handle get parameter instruction
	rcall	getch		; get parameter byte
    3e84:	8c d0       	rcall	.+280    	; 0x3f9e <getch>
	mov	r21, r24	; move parameter to r21
    3e86:	58 2f       	mov	r21, r24
	rcall	verifySpace	; check Sync_CRC_EOP, putch(STK_INSYNC)
    3e88:	7d d0       	rcall	.+250    	; 0x3f84 <verifySpace>

 	ldi	r24, OPTIBOOT_MINVER	; 	
    3e8a:	83 e0       	ldi	r24, 0x03	; 3
	cpi	r21, STK_SW_MINOR	; Parm_STK_SW_MINOR (0x82)
    3e8c:	52 38       	cpi	r21, 0x82	; 130
	breq	to_putch	; rcall putch, rjmp put_ok
    3e8e:	21 f0       	breq	.+8      	; 0x3e98 <to_putch>
	ldi	r24, 0x03	; answer generic 0x03
    3e90:	83 e0       	ldi	r24, 0x03	; 3
	cpi	r21, STK_SW_MAJOR	; Parm_STK_SW_MAJOR (0x81)
    3e92:	51 38       	cpi	r21, 0x81	; 129
	brne	to_putch	; rcall putch, rjmp put_ok
    3e94:	09 f4       	brne	.+2      	; 0x3e98 <to_putch>
	ldi	r24, OPTIBOOT_MAJVER+OPTIBOOT_CUSTOMVER
    3e96:	84 e7       	ldi	r24, 0x74	; 116

00003e98 <to_putch>:
to_putch:
       	rcall	putch		; answer MINVER or MAJVER+CUSTOMVER or 0x03
    3e98:	7a d0       	rcall	.+244    	; 0x3f8e <ptch1>
	rjmp	put_ok		; putch(STK_OK); rjmp get_nextp
    3e9a:	5c c0       	rjmp	.+184    	; 0x3f54 <put_ok>

00003e9c <ck_SET_DEV>:
	rjmp	put_ok		; putch(STK_OK); rjmp get_nextp
no_read_lock:
 #endif
#endif	/* SUPPORT_READ_FUSES */
ck_SET_DEV:
	ldi	r20, 20
    3e9c:	44 e1       	ldi	r20, 0x14	; 20
;=-=-=-=-=-=-=-=-=-=-=-=-=-=-=-=-=-=-=-=-=-=-=-=-=-=-=-=-=-
	cpi	r24, STK_SET_DEVICE		; 'B'
    3e9e:	82 34       	cpi	r24, 0x42	; 66
       	breq	to_getNch	; STK set device is ignored
    3ea0:	19 f0       	breq	.+6      	; 0x3ea8 <to_getNch>
	ldi	r20, 5
    3ea2:	45 e0       	ldi	r20, 0x05	; 5
;=-=-=-=-=-=-=-=-=-=-=-=-=-=-=-=-=-=-=-=-=-=-=-=-=-=-=-=-=-
   	cpi	r24, STK_SET_DEVICE_EXT		; 'E'
    3ea4:	85 34       	cpi	r24, 0x45	; 69
	brne	ck_LA
    3ea6:	11 f4       	brne	.+4      	; 0x3eac <ck_LA>

00003ea8 <to_getNch>:
; STK set device or STK set device ext is ignored
to_getNch:
	rcall	getNch		; ignore r20 count (20 or 5) parameters
    3ea8:	6a d0       	rcall	.+212    	; 0x3f7e <getNch>

00003eaa <to_put_ok>:
to_put_ok:
	rjmp	put_ok		; putch(STK_OK); rjmp get_nextp
    3eaa:	54 c0       	rjmp	.+168    	; 0x3f54 <put_ok>

00003eac <ck_LA>:
;=-=-=-=-=-=-=-=-=-=-=-=-=-=-=-=-=-=-=-=-=-=-=-=-=-=-=-=-=-
ck_LA:
	cpi	r24, STK_LOAD_ADDRESS		; 'U'
    3eac:	85 35       	cpi	r24, 0x55	; 85
   	brne	ck_UNI
    3eae:	41 f4       	brne	.+16     	; 0x3ec0 <ck_UNI>
; **** STK load address
	rcall	getch		; lower address bits
    3eb0:	76 d0       	rcall	.+236    	; 0x3f9e <getch>
	mov	r4, r24
    3eb2:	48 2e       	mov	r4, r24
	rcall	getch		; upper address bits
    3eb4:	74 d0       	rcall	.+232    	; 0x3f9e <getch>
	mov	r5, r24		; r4:5 is load address
    3eb6:	58 2e       	mov	r5, r24
#if defined(EEprom_ByteAddress)
	movw	ZL, r4		; save original address in r30:r31
#endif
	add	r4, r4		; newAddress << 1
    3eb8:	44 0c       	add	r4, r4
	adc	r5, r5		; make word address to byte address
    3eba:	55 1c       	adc	r5, r5
#if !defined(EEprom_ByteAddress)
	movw	ZL, r4		; save original address in r30:r31
    3ebc:	f2 01       	movw	r30, r4
	adc	r1, r1
	AOUT	RAMPZ, r1
	eor	r1, r1		; restore default zero value for r1
 #endif
#endif
	rjmp	ver_put 	; rcall verifySpace; rjmp put_ok
    3ebe:	5d c0       	rjmp	.+186    	; 0x3f7a <ver_put>

00003ec0 <ck_UNI>:
;=-=-=-=-=-=-=-=-=-=-=-=-=-=-=-=-=-=-=-=-=-=-=-=-=-=-=-=-=-
ck_UNI:
       	cpi	r24, STK_UNIVERSAL 	; 'V'
    3ec0:	86 35       	cpi	r24, 0x56	; 86
       	brne	ck_PP
    3ec2:	21 f4       	brne	.+8      	; 0x3ecc <ck_PP>
	rcall	verifySpace
	ldi	r24,0
	rcall	putch
	rjmp	rjmp put_ok
#else
	ldi	r20, 4		; getNch(4)
    3ec4:	44 e0       	ldi	r20, 0x04	; 4
	rcall	getNch
    3ec6:	5b d0       	rcall	.+182    	; 0x3f7e <getNch>
 	ldi	r24, 0
    3ec8:	80 e0       	ldi	r24, 0x00	; 0
	rjmp	to_putch	; rcall putch, rjmp put_ok
    3eca:	e6 cf       	rjmp	.-52     	; 0x3e98 <to_putch>

00003ecc <ck_PP>:
#endif
;=-=-=-=-=-=-=-=-=-=-=-=-=-=-=-=-=-=-=-=-=-=-=-=-=-=-=-=-=-
ck_PP:
  	cpi	r24, STK_PROG_PAGE 	; 'd'
    3ecc:	84 36       	cpi	r24, 0x64	; 100
	breq	is_PROG
    3ece:	09 f0       	breq	.+2      	; 0x3ed2 <is_PROG>
	rjmp	ck_READP
    3ed0:	2e c0       	rjmp	.+92     	; 0x3f2e <ck_READP>

00003ed2 <is_PROG>:
#if FLASHEND > 0x1ffff
	rcall	check_mode_change
#endif
    // Check for Mode change. If other mode before, clear RAMPZ
    /* Write memory, length is big endian and is in bytes */
	rcall	get_length	; r16:r17  and r26:r27 is length, r6=r24= type-'E'
    3ed2:	74 d0       	rcall	.+232    	; 0x3fbc <get_length>

    // PROGRAM PAGE - we support flash and optional EEPROM programming
; - - - - - - - - - - - - - - - - - - - - - - - - - - - - -
#if (NRWWSTART != 0) && (NO_EARLY_PAGE_ERASE == 0)
    	breq	no_pg_erase	; if (type) // no early page erase for EEprom
    3ed4:	21 f0       	breq	.+8      	; 0x3ede <no_pg_erase>
	ASBIS	WRPP_PIN,WRPP_BIT
	rjmp	no_pg_erase	; Hardware Write Protect emulation
 #endif
  ; if NRWWSTART is zero, no RWW section is present. Never erase the page
  ; at this early state.
	ldi	r24, hi8(NRWWSTART) ; 0x70
    3ed6:	88 e3       	ldi	r24, 0x38	; 56
	cp	r5, r24		; lo8(NRWWSTART) is allways zero
    3ed8:	58 16       	cp	r5, r24
	brsh	no_pg_erase	; if (address < NRWWSTART)
    3eda:	08 f4       	brcc	.+2      	; 0x3ede <no_pg_erase>
 // If we are in RWW section, immediately start page erase
	rcall	boot_page_erase
    3edc:	7c d0       	rcall	.+248    	; 0x3fd6 <boot_page_erase>

00003ede <no_pg_erase>:
 // While that is going on, read in page contents
#endif

no_pg_erase:
; - - - - - - - - - - - - - - - - - - - - - - - - - - - - -
	movw	YL, r18		; buf16Ptr (r28:r29) = RAMSTART
    3ede:	e9 01       	movw	r28, r18

00003ee0 <fill_buf>:
fill_buf:
	rcall	getch		; call next data from serial
    3ee0:	5e d0       	rcall	.+188    	; 0x3f9e <getch>
	st	Y+, r24		; *bufPtr++ = getch()
    3ee2:	89 93       	st	Y+, r24
	sbiw	r26, 1		; length = length - 1
    3ee4:	11 97       	sbiw	r26, 0x01	; 1
	brne	fill_buf
    3ee6:	e1 f7       	brne	.-8      	; 0x3ee0 <fill_buf>
	movw	r26, r16	; set length back to start value
    3ee8:	d8 01       	movw	r26, r16
	movw	YL, r18		; buf16Ptr (r28:r29) = RAMSTART
    3eea:	e9 01       	movw	r28, r18

	; SRAM of ATmega is filled with data
	rcall	verifySpace	; check Sync_CRC_EOP, putch(STK_INSYNC)
    3eec:	4b d0       	rcall	.+150    	; 0x3f84 <verifySpace>
  #warning "optiboot is compiled with a write protect bit at a input pin !!!"
	ASBIS	WRPP_PIN,WRPP_BIT
	rjmp	put_ok		; Hardware Write Protect emulation
 #endif
#if SUPPORT_EEPROM > 0
	cpse	r6, r1		; r6 == 0, is EEprom write
    3eee:	61 10       	cpse	r6, r1
	rjmp	write_flash	; if (!type)
    3ef0:	09 c0       	rjmp	.+18     	; 0x3f04 <write_flash>

00003ef2 <ee_wrlop>:

; is EEprom write
; the address is allŕeady set in Z
ee_wrlop:
     	wdr		; watchdogReset();
    3ef2:	a8 95       	wdr
	ld	r24, Y+			; *bufPtr++
    3ef4:	89 91       	ld	r24, Y+
 #if VIRTUAL_BOOT_PARTITION > 0
	rcall	wr_eeprom
 #else
 /* eeprom write is done only here, therefore without a rcall to save flash */
	rcall	set_eeprom_adr	; Z+
    3ef6:	5c d0       	rcall	.+184    	; 0x3fb0 <set_eeprom_adr>
	AOUT	EEDR, r24	; data to EEprom controller
    3ef8:	80 bd       	out	0x20, r24	; 32
	ASBI	EECR, EEMPE
    3efa:	fa 9a       	sbi	0x1f, 2	; 31
	ASBI	EECR, EEPE	; /* Start eeprom write by setting EEPE */
    3efc:	f9 9a       	sbi	0x1f, 1	; 31
 #endif 	/* VIRTUAL_BOOT_PARTITION */

	sbiw	r26, 1		; length = length - 1
    3efe:	11 97       	sbiw	r26, 0x01	; 1
	brne	ee_wrlop
    3f00:	c1 f7       	brne	.-16     	; 0x3ef2 <ee_wrlop>
	; eeprom write is finished
	rjmp	put_ok		; putch(STK_OK); rjmp get_nextp
    3f02:	28 c0       	rjmp	.+80     	; 0x3f54 <put_ok>

00003f04 <write_flash>:
; - - - - - - - - - - - - - - - - - - - - - - - - - - - - -
write_flash:
#if (NRWWSTART != 0) && (NO_EARLY_PAGE_ERASE == 0)
  ; If NRWWSTART is zero, boot_page_erase must be called every time here!
  ; if NO_EARLY_PAGE_ERASE is set, the page is never erased before data input , programming is slow!
	ldi	r24, hi8(NRWWSTART) ; 0x70
    3f04:	88 e3       	ldi	r24, 0x38	; 56
	cp	r5, r24			; hi8(NRWWSTART) lo8(NRWWSTART) is allways zero
    3f06:	58 16       	cp	r5, r24
	brlo	no_erase1
    3f08:	08 f0       	brcs	.+2      	; 0x3f0c <no_erase1>
        // Todo: Take RAMPZ into account (not doing so just means that we will
        //  treat the top of both "pages" of flash as NRWW, for a slight speed
        //  decrease, so fixing this is not urgent.)
#endif

	rcall	boot_page_erase
    3f0a:	65 d0       	rcall	.+202    	; 0x3fd6 <boot_page_erase>

00003f0c <no_erase1>:
no_erase1:
        // If only a partial page is to be programmed, the erase might not be complete.
        // So check that here
	rcall	wait_flash_ready
    3f0c:	60 d0       	rcall	.+192    	; 0x3fce <wait_flash_ready>
no_patch1:
#endif		/* VIRTUAL_BOOT_PARTITION */

;     Fill the programming buffer
;     ---------------------------
	movw	ZL, r4		; addrPtr = address
    3f0e:	f2 01       	movw	r30, r4

00003f10 <wr_lop1>:
#if FLASHEND > 0x1ffff
	AIN	r21, RAMPZ	; save old RAMPZ
#endif
;	buf16Ptr (r28:r29) = RAMSTART
wr_lop1:
    	ld	r0, Y+		; *buf16Ptr++
    3f10:	09 90       	ld	r0, Y+
	ld	r1, Y+
    3f12:	19 90       	ld	r1, Y+
	ldi	r20, (1<<SELFPRGEN)
    3f14:	41 e0       	ldi	r20, 0x01	; 1
	; r0:r1 is data, Z r30:r31 is address, probably RAMPZ is also set
	rcall	my_do_spm		; AOUT SPMCSR, r20 ; spm
    3f16:	61 d0       	rcall	.+194    	; 0x3fda <my_do_spm>
	eor	r1, r1
    3f18:	11 24       	eor	r1, r1
	adiw	ZL, 2		; increment address
    3f1a:	32 96       	adiw	r30, 0x02	; 2
#if FLASHEND > 0x1ffff
	adc	r21, r1		; increment the RAMPZ content
#endif
	sbiw	r26, 2		; length = length - 2
    3f1c:	12 97       	sbiw	r26, 0x02	; 2
	brne	wr_lop1
    3f1e:	c1 f7       	brne	.-16     	; 0x3f10 <wr_lop1>

	movw	ZL, r4		; addrPtr = address
    3f20:	f2 01       	movw	r30, r4
#if defined(__AVR_ATtiny48__) || defined(__AVR_ATtiny88__)
	andi	ZL, 0xc0	; make shure a zero Z5:1 for ATtiny48/88, 64 Byte Flash
#endif
        // Write from programming buffer
        // -----------------------------
	ldi	r20, (1<<PGWRT)|(1<<SELFPRGEN)	; 0x05	
    3f22:	45 e0       	ldi	r20, 0x05	; 5
	rcall	my_do_spm		; AOUT SPMCSR, r20 ; spm
    3f24:	5a d0       	rcall	.+180    	; 0x3fda <my_do_spm>
	rcall	wait_flash_ready
    3f26:	53 d0       	rcall	.+166    	; 0x3fce <wait_flash_ready>
#if defined(RWWSRE)
       // Reenable read access to flash
	ldi	r20, (1<<RWWSRE)|(1<<SELFPRGEN)	; 0x11	
    3f28:	41 e1       	ldi	r20, 0x11	; 17
	rcall	my_do_spm		; AOUT SPMCSR, r20 ; spm
    3f2a:	57 d0       	rcall	.+174    	; 0x3fda <my_do_spm>
	rcall	wr_eeprom
        ; Now we have saved the original save_vector address to the last two EEproms.
	; The save_vector has now the original address from the reset vector and
	; the reset vector now jmp to the bootloader.
#endif
	rjmp	put_ok		; putch(STK_OK); rjmp get_nextp
    3f2c:	13 c0       	rjmp	.+38     	; 0x3f54 <put_ok>

00003f2e <ck_READP>:
;=-=-=-=-=-=-=-=-=-=-=-=-=-=-=-=-=-=-=-=-=-=-=-=-=-=-=-=-=-
ck_READP:
      	cpi	r24, STK_READ_PAGE	; 't'
    3f2e:	84 37       	cpi	r24, 0x74	; 116
	brne   	ck_READS
    3f30:	a1 f4       	brne	.+40     	; 0x3f5a <ck_READS>
#if FLASHEND > 0x1ffff
	rcall	check_mode_change
#endif
    /* Read memory block mode, length is big endian.  */
	rcall	get_length	; r16:r17  and r26:r27 is length, r6=r24= type-'E'
    3f32:	44 d0       	rcall	.+136    	; 0x3fbc <get_length>
     // READ PAGE - we only read flash and optional EEPROM
	rcall	verifySpace	; check Sync_CRC_EOP, putch(STK_INSYNC)
    3f34:	27 d0       	rcall	.+78     	; 0x3f84 <verifySpace>
;	TODO: putNch()

#if SUPPORT_EEPROM > 0
	tst	r6		; check if type was 'E'
    3f36:	66 20       	and	r6, r6
	brne	flash_read
    3f38:	39 f4       	brne	.+14     	; 0x3f48 <flash_read>

00003f3a <ee_rd_lop2>:
;     must be EEprom read
; read EEprom, the Address is allready set in Z
ee_rd_lop2:
	sbiw	r26, 1		; length-1
    3f3a:	11 97       	sbiw	r26, 0x01	; 1
	brcs	next_adr_put_ok	;
    3f3c:	50 f0       	brcs	.+20     	; 0x3f52 <next_adr_put_ok>
 #if VIRTUAL_BOOT_PARTITION > 0
	rcall	rd_eeprom	; Z+
 #else
  /* EEprom read is only required here without the VIRTUAL_BOOT_PARTITION */
  /* Therefore is is used without a rcall directly                        */
	rcall 	set_eeprom_adr	; Z+
    3f3e:	38 d0       	rcall	.+112    	; 0x3fb0 <set_eeprom_adr>
	ASBI	EECR, EERE
    3f40:	f8 9a       	sbi	0x1f, 0	; 31
	AIN	r24, EEDR		; read data from EEprom
    3f42:	80 b5       	in	r24, 0x20	; 32
 #endif
	rcall	putch
    3f44:	24 d0       	rcall	.+72     	; 0x3f8e <ptch1>
	rjmp	ee_rd_lop2
    3f46:	f9 cf       	rjmp	.-14     	; 0x3f3a <ee_rd_lop2>

00003f48 <flash_read>:
#endif

; - - - - - - - - - - - - - - - - - - - - - - - - - - - - -
;	read flash
flash_read:
	movw	ZL, r4		; Z = addrPtr = address
    3f48:	f2 01       	movw	r30, r4

00003f4a <flash_rd_lop>:
          //      do putch(pgm_read_byte_near(address++));
          //      while (--length);
          // read a Flash and increment the address (may increment RAMPZ)
	elpm	r24, Z+
#else
	lpm	r24, Z+
    3f4a:	85 91       	lpm	r24, Z+
	mov	r21, r25	; save second byte
	rcall	putch
	mov	r24, r21
#endif		/* VIRTUAL_BOOT_PARTITION */

	rcall	putch
    3f4c:	20 d0       	rcall	.+64     	; 0x3f8e <ptch1>
	sbiw	r26, LenDecrement	; length - 1 or 2 bytes for VIRTUAL_BOOT_PARTITION
    3f4e:	11 97       	sbiw	r26, 0x01	; 1
	brne	flash_rd_lop
    3f50:	e1 f7       	brne	.-8      	; 0x3f4a <flash_rd_lop>

00003f52 <next_adr_put_ok>:
next_adr_put_ok:
	movw	r4, ZL		; new address  ???
    3f52:	2f 01       	movw	r4, r30

00003f54 <put_ok>:
put_ok:
     	ldi	r24, STK_OK	; 0x10
    3f54:	80 e1       	ldi	r24, 0x10	; 16
       	rcall	putch
    3f56:	1b d0       	rcall	.+54     	; 0x3f8e <ptch1>

00003f58 <to_get_nextp>:
to_get_nextp:
       	rjmp	get_nextp
    3f58:	92 cf       	rjmp	.-220    	; 0x3e7e <get_nextp>

00003f5a <ck_READS>:

;=-=-=-=-=-=-=-=-=-=-=-=-=-=-=-=-=-=-=-=-=-=-=-=-=-=-=-=-=-
ck_READS:
     	cpi	r24, STK_READ_SIGN	; 'u'
    3f5a:	85 37       	cpi	r24, 0x75	; 117
	brne	ck_EOP
    3f5c:	41 f4       	brne	.+16     	; 0x3f6e <ck_EOP>
	brne	ck_LEAVE
    3f5e:	49 f4       	brne	.+18     	; 0x3f72 <ck_LEAVE>
;	READ SIGN - return what Avrdude wants to hear
	rcall	verifySpace	; check Sync_CRC_EOP, putch(STK_INSYNC)
    3f60:	11 d0       	rcall	.+34     	; 0x3f84 <verifySpace>
	ldi	r24, SIGNATURE_0
    3f62:	8e e1       	ldi	r24, 0x1E	; 30
	rcall	putch
    3f64:	14 d0       	rcall	.+40     	; 0x3f8e <ptch1>
	ldi	r24, SIGNATURE_1
    3f66:	84 e9       	ldi	r24, 0x94	; 148
	rcall	putch
    3f68:	12 d0       	rcall	.+36     	; 0x3f8e <ptch1>
	ldi	r24, SIGNATURE_2
    3f6a:	86 e0       	ldi	r24, 0x06	; 6
	rjmp	to_putch	; rcall putch, rjmp put_ok
    3f6c:	95 cf       	rjmp	.-214    	; 0x3e98 <to_putch>

00003f6e <ck_EOP>:
;=-=-=-=-=-=-=-=-=-=-=-=-=-=-=-=-=-=-=-=-=-=-=-=-=-=-=-=-=-
ck_EOP:
			; avrdude send a STK_GET_SYNC followed by CRC_EOP
			; if the STK_GET_SYNC is loose out, the CRC_EOP is detected as last character
	cpi	r24, CRC_EOP			; ' ' 0x20
    3f6e:	80 32       	cpi	r24, 0x20	; 32
	breq	to_get_nextp			; wait for next STK_GET_SYNC
    3f70:	99 f3       	breq	.-26     	; 0x3f58 <to_get_nextp>

00003f72 <ck_LEAVE>:
;=-=-=-=-=-=-=-=-=-=-=-=-=-=-=-=-=-=-=-=-=-=-=-=-=-=-=-=-=-
ck_LEAVE:
      	cpi	r24, STK_LEAVE_PROGMODE	; 'Q'
    3f72:	81 35       	cpi	r24, 0x51	; 81
	brne	ver_put
    3f74:	11 f4       	brne	.+4      	; 0x3f7a <ver_put>
;  Adaboot no wait mod
	ldi	r20, WATCHDOG_16MS	; 0x08
    3f76:	48 e0       	ldi	r20, 0x08	; 8
	rcall	watchdogConfig
    3f78:	33 d0       	rcall	.+102    	; 0x3fe0 <watchdogConfig>

00003f7a <ver_put>:
ver_put:
     	rcall	verifySpace	; check Sync_CRC_EOP, putch(STK_INSYNC)
    3f7a:	04 d0       	rcall	.+8      	; 0x3f84 <verifySpace>
	rjmp	put_ok		; putch(STK_OK); rjmp get_nextp
    3f7c:	eb cf       	rjmp	.-42     	; 0x3f54 <put_ok>

00003f7e <getNch>:
;**********************************************************
; read r20 count character from serial input and look if space follow
getNch:		; call  getNch, r20 = count
	; repeat count times "call getch"
repeat_g:
     	rcall	getch		; do getch(); while (--count);
    3f7e:	0f d0       	rcall	.+30     	; 0x3f9e <getch>
       	subi	r20, 1		; count - 1
    3f80:	41 50       	subi	r20, 0x01	; 1
     	brne	repeat_g
    3f82:	e9 f7       	brne	.-6      	; 0x3f7e <getNch>

00003f84 <verifySpace>:

;**********************************************************
; look if a space character can be read from serial input and answer
verifySpace:		/* void verifySpace(void) { */
; use of r24,
     	rcall	getch		; if (getch() != CRC_EOP)
    3f84:	0c d0       	rcall	.+24     	; 0x3f9e <getch>
       	cpi	r24, CRC_EOP	; 0x20
    3f86:	80 32       	cpi	r24, 0x20	; 32
       	breq	no_to
    3f88:	09 f0       	breq	.+2      	; 0x3f8c <no_to>
     	rcall	wait_timeout		;wait_timeout();
    3f8a:	30 d0       	rcall	.+96     	; 0x3fec <wait_timeout>

00003f8c <no_to>:
no_to:
       	ldi	r24, STK_INSYNC
    3f8c:	84 e1       	ldi	r24, 0x14	; 20

00003f8e <ptch1>:
	AOUT	UART_SRB, r25		; enable UART input
 #else
	/* For normal serial transfer we wait until the buffer UDR is free. */
	/* After loading the buffer we return immediately to caller */
ptch1:
	AIN	r25, UART_STATUS	; while (!(UART_SRA & _BV(UDRE0)));
    3f8e:	90 91 c0 00 	lds	r25, 0x00C0	; 0x8000c0 <__DATA_REGION_ORIGIN__+0x60>
  #if UART_STATUS == LINSIR
	andi	r25, (1<<LBUSY)|(1<<LTXOK)
	cpi	r25, (1<<LBUSY)	
	breq	ptch1		; wait if LBUSY and !LTXOK
  #else
      	sbrs	r25, UDRE0
    3f92:	95 ff       	sbrs	r25, 5
      	rjmp	ptch1		; wait, UART out not ready
    3f94:	fc cf       	rjmp	.-8      	; 0x3f8e <ptch1>
  #endif
 #endif
	AOUT	UART_UDR, r24	; UART_UDR = ch;
    3f96:	80 93 c6 00 	sts	0x00C6, r24	; 0x8000c6 <__DATA_REGION_ORIGIN__+0x66>
 #if ((LED_DATA_FLASH & 0x02) > 0) && defined(LED_PORT) && defined(LEDbit)
	ACBI	LED_PORT, LEDbit
 #endif
	wdr		; watchdogReset(); /* prevent watch dog timeout during slow serial output */
    3f9a:	a8 95       	wdr
      	ret
    3f9c:	08 95       	ret

00003f9e <getch>:
getch: 
 #if ((LED_DATA_FLASH & 0x01) > 0) && defined(LED_PORT) && defined(LEDbit)
	ASBI	LED_PORT, LEDbit
 #endif
gtch1:
	AIN	r24, UART_STATUS	; if (UART_SRA & _BV(RXC0)) {
    3f9e:	80 91 c0 00 	lds	r24, 0x00C0	; 0x8000c0 <__DATA_REGION_ORIGIN__+0x60>
     	sbrs	r24, RXC0
    3fa2:	87 ff       	sbrs	r24, 7
       	rjmp	gtch1			; no data received, wait
    3fa4:	fc cf       	rjmp	.-8      	; 0x3f9e <getch>
#if UART_STATUS != UART_ERRSTAT
	AIN	r24, UART_ERRSTAT
#endif
      	sbrs	r24, FE0		; if (!(UART_SRA & _BV(FE0))) {
    3fa6:	84 ff       	sbrs	r24, 4
     	wdr		; watchdogReset();
    3fa8:	a8 95       	wdr
         * watchdog.  This should cause the bootloader to abort and run
         * the application "soon", if it keeps happening.  (Note that we
         * don't care that an invalid char is returned...)
         */

 	AIN	r24, UART_UDR	; ch = UART_UDR; return ch;
    3faa:	80 91 c6 00 	lds	r24, 0x00C6	; 0x8000c6 <__DATA_REGION_ORIGIN__+0x66>
 #if ((LED_DATA_FLASH & 0x01) > 0) && defined(LED_PORT) && defined(LEDbit)
	ACBI	LED_PORT, LEDbit
 #endif
       	ret
    3fae:	08 95       	ret

00003fb0 <set_eeprom_adr>:
;**********************************************************
#if (VIRTUAL_BOOT_PARTITION > 0) || defined(SUPPORT_EEPROM)
/* Z hold the eeprom address, which is loaded to EEAR and afterwards increased by 1 */
/* ASBIC can destroy content of register r0 */
set_eeprom_adr:
  	ASBIC	EECR, EEPE	; while (!eeprom_is_ready())
    3fb0:	f9 99       	sbic	0x1f, 1	; 31
   	rjmp	set_eeprom_adr	; wait
    3fb2:	fe cf       	rjmp	.-4      	; 0x3fb0 <set_eeprom_adr>
;	rcall	wait_flash_ready

 #ifdef EEARH
	AOUT	EEARH, ZH	; EEAR = addrPtr++
    3fb4:	f2 bd       	out	0x22, r31	; 34
 #endif
	AOUT	EEARL, ZL
    3fb6:	e1 bd       	out	0x21, r30	; 33
	adiw	ZL, 1
    3fb8:	31 96       	adiw	r30, 0x01	; 1
	ret			; set_eeprom_adr
    3fba:	08 95       	ret

00003fbc <get_length>:
;	result is r26:r27 = r16:r17  last:first byte
;	use r22, r25 (soft)
;	additional result is r6 = r24 = type  - 'E' 
;	zero-Flag is set, if type is 'E' (with SUPPORT_EEPROM)
get_length:
	rcall	getch
    3fbc:	f0 df       	rcall	.-32     	; 0x3f9e <getch>
	mov	r17, r24	; r17 = upper bits of length
    3fbe:	18 2f       	mov	r17, r24
	rcall	getch
    3fc0:	ee df       	rcall	.-36     	; 0x3f9e <getch>
	mov	r16, r24	; r16 = lower bits of length
    3fc2:	08 2f       	mov	r16, r24
	movw	r26, r16	; can be changed by sbiw or adiw
    3fc4:	d8 01       	movw	r26, r16
	rcall	getch		; read in type
    3fc6:	eb df       	rcall	.-42     	; 0x3f9e <getch>
//#if SUPPORT_EEPROM > 0
	subi	r24, 'E'	; type = getch() - 'E'
    3fc8:	85 54       	subi	r24, 0x45	; 69
	mov	r6, r24
    3fca:	68 2e       	mov	r6, r24
//#endif
	ret
    3fcc:	08 95       	ret

00003fce <wait_flash_ready>:

;**********************************************************
;	call wait_flash_ready wait for a idle Flash controller
;	use r0
wait_flash_ready:
       	AIN	r0, SPMCSR 
    3fce:	07 b6       	in	r0, 0x37	; 55
	sbrc	r0, SELFPRGEN
    3fd0:	00 fc       	sbrc	r0, 0
	rjmp	wait_flash_ready
    3fd2:	fd cf       	rjmp	.-6      	; 0x3fce <wait_flash_ready>
	ret
    3fd4:	08 95       	ret

00003fd6 <boot_page_erase>:
;	r20 is used to setup the spm instruction
;	probably RAMPZ must be set before to extend the r4:r5 address
;	return is immediately, the flash controller is probably still busy
boot_page_erase:
;	rcall	wait_flash_ready
    	movw	ZL, r4		; __boot_page_erase_short((uint16_t)(void*)address)
    3fd6:	f2 01       	movw	r30, r4
   #endif
  #endif
	and	r20, r4
	brne	no_erase4	; not a fourth page
 #endif
	ldi	r20, (1<<PGERS)|(1<<SELFPRGEN)	; 0x03
    3fd8:	43 e0       	ldi	r20, 0x03	; 3

00003fda <my_do_spm>:
my_do_spm:
	AOUT	SPMCSR, r20	; (1<<PGERS)|(SELFPRGEN)
    3fda:	47 bf       	out	0x37, r20	; 55
	spm
    3fdc:	e8 95       	spm

00003fde <no_erase4>:
;	special handling of spm for ATmega163 and ATmega323
	.word	0xffff
	nop
#endif
no_erase4:
	ret
    3fde:	08 95       	ret

00003fe0 <watchdogConfig>:
watchdogConfig: 
#ifndef WDTCSR
 #define WDTCSR  WDTCR
#endif
#if defined(WDCE)
    	ldi	r21, (1<<WDCE) | (1<<WDE)	; 0x18
    3fe0:	58 e1       	ldi	r21, 0x18	; 24
	AOUT	WDTCSR, r21	; (1<<WDCE) | (1<<WDE) ; watchdogConfig(x);
    3fe2:	50 93 60 00 	sts	0x0060, r21	; 0x800060 <__DATA_REGION_ORIGIN__>
 #else
    	ldi	r21, (1<<WDE)	; 0x08
	AOUT	WDTCSR, r21	; (1<<WDE) ; watchdogConfig(x);
 #endif
#endif
       	AOUT	WDTCSR, r20		; WDTCSR = x;
    3fe6:	40 93 60 00 	sts	0x0060, r20	; 0x800060 <__DATA_REGION_ORIGIN__>
       	ret
    3fea:	08 95       	ret

00003fec <wait_timeout>:
#endif		/* LED_FLASHES */

;**********************************************************
;	rcall wait_timeout  set the watch dog timer to 16ms and wait for reset
wait_timeout:
     	ldi	r20, WATCHDOG_16MS
    3fec:	48 e0       	ldi	r20, 0x08	; 8
	rcall	watchdogConfig	;  watchdogConfig(WATCHDOG_16MS) 
    3fee:	f8 df       	rcall	.-16     	; 0x3fe0 <watchdogConfig>

00003ff0 <lop77>:
lop77:
    	rjmp	lop77		; endless loop, watch Dog will reset!
    3ff0:	ff cf       	rjmp	.-2      	; 0x3ff0 <lop77>
; 
; FORCE_WATCHDOG=
; LED_START_FLASHES=0
; LED_DATA_FLASH=4
; LED=B5
; UART=0
; SOURCE_TYPE=S
; SUPPORT_EEPROM=1
; MCU_TARGET = atmega168
; AVR_FREQ= 16000000
; BAUD_RATE=36
