
optiboot_atmega328p.elf:     file format elf32-avr

Sections:
Idx Name          Size      VMA       LMA       File off  Algn
  0 .data         00000000  00800100  00007ffc  00000270  2**0
                  CONTENTS, ALLOC, LOAD, DATA
  1 .version      00000002  00007ffe  00007ffe  00000270  2**0
                  CONTENTS, READONLY
  2 .text         000001fc  00007e00  00007e00  00000074  2**1
                  CONTENTS, ALLOC, LOAD, READONLY, CODE
  3 .stab         00000bb8  00000000  00000000  00000274  2**2
                  CONTENTS, READONLY, DEBUGGING
  4 .stabstr      00000058  00000000  00000000  00000e2c  2**0
                  CONTENTS, READONLY, DEBUGGING

Disassembly of section .text:

00007e00 <__ctors_end>:
    7e00:	08 c0       	rjmp	.+16     	; 0x7e12 <optiboot>

00007e02 <do_spm>:
    7e02:	fc 01       	movw	r30, r24
    7e04:	0a 01       	movw	r0, r20
    7e06:	67 bf       	out	0x37, r22	; 55
    7e08:	e8 95       	spm
    7e0a:	11 24       	eor	r1, r1
    7e0c:	cf d0       	rcall	.+414    	; 0x7fac <wait_flash_ready>
    7e0e:	41 e1       	ldi	r20, 0x11	; 17
    7e10:	d6 c0       	rjmp	.+428    	; 0x7fbe <my_do_spm>

00007e12 <optiboot>:
	.func optiboot
	.global optiboot
# generate no pre_main code, if NO_APP_SPM is greater 1
pre_main:
#if (NO_APP_SPM < 2)
	rjmp	optiboot
    7e12:	f8 94       	cli
    7e14:	11 24       	eor	r1, r1
    7e16:	24 b6       	in	r2, 0x34	; 52
    7e18:	14 be       	out	0x34, r1	; 52
    7e1a:	2e ba       	out	0x1e, r2	; 30
    7e1c:	8d e0       	ldi	r24, 0x0D	; 13
    7e1e:	82 21       	and	r24, r2
    7e20:	21 f0       	breq	.+8      	; 0x7e2a <try_loader>

00007e22 <appStart>:
    7e22:	40 e0       	ldi	r20, 0x00	; 0
    7e24:	cf d0       	rcall	.+414    	; 0x7fc4 <watchdogConfig>
    7e26:	2e b2       	in	r2, 0x1e	; 30
    7e28:	eb c0       	rjmp	.+470    	; 0x8000 <optiboot_version+0x2>

00007e2a <try_loader>:
    7e2a:	25 9a       	sbi	0x04, 5	; 4
    7e2c:	4e e0       	ldi	r20, 0x0E	; 14
    7e2e:	ca d0       	rcall	.+404    	; 0x7fc4 <watchdogConfig>
    7e30:	20 e0       	ldi	r18, 0x00	; 0
    7e32:	31 e0       	ldi	r19, 0x01	; 1
    7e34:	58 9a       	sbi	0x0b, 0	; 11
    7e36:	82 e0       	ldi	r24, 0x02	; 2
    7e38:	80 93 c0 00 	sts	0x00C0, r24	; 0x8000c0 <__DATA_REGION_ORIGIN__+0x60>
    7e3c:	9e e0       	ldi	r25, 0x0E	; 14
    7e3e:	90 93 c2 00 	sts	0x00C2, r25	; 0x8000c2 <__DATA_REGION_ORIGIN__+0x62>
    7e42:	90 e1       	ldi	r25, 0x10	; 16
    7e44:	90 93 c4 00 	sts	0x00C4, r25	; 0x8000c4 <__DATA_REGION_ORIGIN__+0x64>
    7e48:	88 e1       	ldi	r24, 0x18	; 24
    7e4a:	80 93 c1 00 	sts	0x00C1, r24	; 0x8000c1 <__DATA_REGION_ORIGIN__+0x61>
    7e4e:	53 e0       	ldi	r21, 0x03	; 3

00007e50 <fl_lop>:
    7e50:	2d 9a       	sbi	0x05, 5	; 5
    7e52:	be d0       	rcall	.+380    	; 0x7fd0 <wait_T1ov>
    7e54:	28 f0       	brcs	.+10     	; 0x7e60 <fl_lop_end>
    7e56:	2d 98       	cbi	0x05, 5	; 5
    7e58:	bb d0       	rcall	.+374    	; 0x7fd0 <wait_T1ov>
    7e5a:	10 f0       	brcs	.+4      	; 0x7e60 <fl_lop_end>
    7e5c:	51 50       	subi	r21, 0x01	; 1
    7e5e:	c1 f7       	brne	.-16     	; 0x7e50 <fl_lop>

00007e60 <fl_lop_end>:
    7e60:	8d d0       	rcall	.+282    	; 0x7f7c <getch>
    7e62:	81 34       	cpi	r24, 0x41	; 65
    7e64:	61 f4       	brne	.+24     	; 0x7e7e <ck_SET_DEV>
    7e66:	8a d0       	rcall	.+276    	; 0x7f7c <getch>
    7e68:	58 2f       	mov	r21, r24
    7e6a:	7b d0       	rcall	.+246    	; 0x7f62 <verifySpace>
    7e6c:	83 e0       	ldi	r24, 0x03	; 3
    7e6e:	52 38       	cpi	r21, 0x82	; 130
    7e70:	21 f0       	breq	.+8      	; 0x7e7a <to_putch>
    7e72:	83 e0       	ldi	r24, 0x03	; 3
    7e74:	51 38       	cpi	r21, 0x81	; 129
    7e76:	09 f4       	brne	.+2      	; 0x7e7a <to_putch>
    7e78:	86 e7       	ldi	r24, 0x76	; 118

00007e7a <to_putch>:
    7e7a:	78 d0       	rcall	.+240    	; 0x7f6c <ptch1>
    7e7c:	5a c0       	rjmp	.+180    	; 0x7f32 <next_adr_put_ok>

00007e7e <ck_SET_DEV>:
    7e7e:	44 e1       	ldi	r20, 0x14	; 20
    7e80:	82 34       	cpi	r24, 0x42	; 66
    7e82:	19 f0       	breq	.+6      	; 0x7e8a <to_getNch>
    7e84:	45 e0       	ldi	r20, 0x05	; 5
    7e86:	85 34       	cpi	r24, 0x45	; 69
    7e88:	11 f4       	brne	.+4      	; 0x7e8e <ck_LA>

00007e8a <to_getNch>:
    7e8a:	68 d0       	rcall	.+208    	; 0x7f5c <getNch>

00007e8c <to_put_ok>:
    7e8c:	52 c0       	rjmp	.+164    	; 0x7f32 <next_adr_put_ok>

00007e8e <ck_LA>:
    7e8e:	85 35       	cpi	r24, 0x55	; 85
    7e90:	41 f4       	brne	.+16     	; 0x7ea2 <ck_UNI>
    7e92:	74 d0       	rcall	.+232    	; 0x7f7c <getch>
    7e94:	48 2e       	mov	r4, r24
    7e96:	72 d0       	rcall	.+228    	; 0x7f7c <getch>
    7e98:	58 2e       	mov	r5, r24
    7e9a:	44 0c       	add	r4, r4
    7e9c:	55 1c       	adc	r5, r5
    7e9e:	f2 01       	movw	r30, r4
    7ea0:	5b c0       	rjmp	.+182    	; 0x7f58 <ver_put>

00007ea2 <ck_UNI>:
    7ea2:	86 35       	cpi	r24, 0x56	; 86
    7ea4:	21 f4       	brne	.+8      	; 0x7eae <ck_PP>
    7ea6:	44 e0       	ldi	r20, 0x04	; 4
    7ea8:	59 d0       	rcall	.+178    	; 0x7f5c <getNch>
    7eaa:	80 e0       	ldi	r24, 0x00	; 0
    7eac:	e6 cf       	rjmp	.-52     	; 0x7e7a <to_putch>

00007eae <ck_PP>:
    7eae:	84 36       	cpi	r24, 0x64	; 100
    7eb0:	09 f0       	breq	.+2      	; 0x7eb4 <is_PROG>
    7eb2:	2c c0       	rjmp	.+88     	; 0x7f0c <ck_READP>

00007eb4 <is_PROG>:
    7eb4:	72 d0       	rcall	.+228    	; 0x7f9a <get_length>
    7eb6:	19 f0       	breq	.+6      	; 0x7ebe <no_pg_erase>
    7eb8:	7d d0       	rcall	.+250    	; 0x7fb4 <check_in_rww>
    7eba:	08 f4       	brcc	.+2      	; 0x7ebe <no_pg_erase>
    7ebc:	7e d0       	rcall	.+252    	; 0x7fba <boot_page_erase>

00007ebe <no_pg_erase>:
    7ebe:	e9 01       	movw	r28, r18

00007ec0 <fill_buf>:
    7ec0:	5d d0       	rcall	.+186    	; 0x7f7c <getch>
    7ec2:	89 93       	st	Y+, r24
    7ec4:	11 97       	sbiw	r26, 0x01	; 1
    7ec6:	e1 f7       	brne	.-8      	; 0x7ec0 <fill_buf>
    7ec8:	d8 01       	movw	r26, r16
    7eca:	e9 01       	movw	r28, r18
    7ecc:	4a d0       	rcall	.+148    	; 0x7f62 <verifySpace>
    7ece:	61 10       	cpse	r6, r1
    7ed0:	09 c0       	rjmp	.+18     	; 0x7ee4 <write_flash>

00007ed2 <ee_wrlop>:
    7ed2:	a8 95       	wdr
    7ed4:	89 91       	ld	r24, Y+
    7ed6:	5b d0       	rcall	.+182    	; 0x7f8e <set_eeprom_adr>
    7ed8:	80 bd       	out	0x20, r24	; 32
    7eda:	fa 9a       	sbi	0x1f, 2	; 31
    7edc:	f9 9a       	sbi	0x1f, 1	; 31
    7ede:	11 97       	sbiw	r26, 0x01	; 1
    7ee0:	c1 f7       	brne	.-16     	; 0x7ed2 <ee_wrlop>
    7ee2:	27 c0       	rjmp	.+78     	; 0x7f32 <next_adr_put_ok>

00007ee4 <write_flash>:
    7ee4:	67 d0       	rcall	.+206    	; 0x7fb4 <check_in_rww>
    7ee6:	08 f0       	brcs	.+2      	; 0x7eea <no_erase1>
    7ee8:	68 d0       	rcall	.+208    	; 0x7fba <boot_page_erase>

00007eea <no_erase1>:
    7eea:	60 d0       	rcall	.+192    	; 0x7fac <wait_flash_ready>
    7eec:	f2 01       	movw	r30, r4

00007eee <wr_lop1>:
    7eee:	09 90       	ld	r0, Y+
    7ef0:	19 90       	ld	r1, Y+
    7ef2:	41 e0       	ldi	r20, 0x01	; 1
    7ef4:	64 d0       	rcall	.+200    	; 0x7fbe <my_do_spm>
    7ef6:	11 24       	eor	r1, r1
    7ef8:	32 96       	adiw	r30, 0x02	; 2
    7efa:	12 97       	sbiw	r26, 0x02	; 2
    7efc:	c1 f7       	brne	.-16     	; 0x7eee <wr_lop1>
    7efe:	f2 01       	movw	r30, r4
    7f00:	45 e0       	ldi	r20, 0x05	; 5
    7f02:	5d d0       	rcall	.+186    	; 0x7fbe <my_do_spm>
    7f04:	53 d0       	rcall	.+166    	; 0x7fac <wait_flash_ready>
    7f06:	41 e1       	ldi	r20, 0x11	; 17
    7f08:	5a d0       	rcall	.+180    	; 0x7fbe <my_do_spm>

00007f0a <update_z_put_ok>:
    7f0a:	13 c0       	rjmp	.+38     	; 0x7f32 <next_adr_put_ok>

00007f0c <ck_READP>:
    7f0c:	84 37       	cpi	r24, 0x74	; 116
    7f0e:	a1 f4       	brne	.+40     	; 0x7f38 <ck_READS>
    7f10:	44 d0       	rcall	.+136    	; 0x7f9a <get_length>
    7f12:	27 d0       	rcall	.+78     	; 0x7f62 <verifySpace>
    7f14:	66 20       	and	r6, r6
    7f16:	39 f4       	brne	.+14     	; 0x7f26 <flash_read>

00007f18 <ee_rd_lop2>:
    7f18:	3a d0       	rcall	.+116    	; 0x7f8e <set_eeprom_adr>
    7f1a:	f8 9a       	sbi	0x1f, 0	; 31
    7f1c:	80 b5       	in	r24, 0x20	; 32
    7f1e:	26 d0       	rcall	.+76     	; 0x7f6c <ptch1>
    7f20:	11 97       	sbiw	r26, 0x01	; 1
    7f22:	d1 f7       	brne	.-12     	; 0x7f18 <ee_rd_lop2>
    7f24:	06 c0       	rjmp	.+12     	; 0x7f32 <next_adr_put_ok>

00007f26 <flash_read>:
    7f26:	f2 01       	movw	r30, r4
    7f28:	e9 01       	movw	r28, r18

00007f2a <flash_rd_lop2>:
    7f2a:	85 91       	lpm	r24, Z+
    7f2c:	1f d0       	rcall	.+62     	; 0x7f6c <ptch1>
    7f2e:	11 97       	sbiw	r26, 0x01	; 1
    7f30:	e1 f7       	brne	.-8      	; 0x7f2a <flash_rd_lop2>

00007f32 <next_adr_put_ok>:
    7f32:	80 e1       	ldi	r24, 0x10	; 16
    7f34:	1b d0       	rcall	.+54     	; 0x7f6c <ptch1>

00007f36 <to_get_nextp>:
    7f36:	94 cf       	rjmp	.-216    	; 0x7e60 <fl_lop_end>

00007f38 <ck_READS>:
    7f38:	85 37       	cpi	r24, 0x75	; 117
    7f3a:	41 f4       	brne	.+16     	; 0x7f4c <ck_EOP>
    7f3c:	49 f4       	brne	.+18     	; 0x7f50 <ck_LEAVE>
    7f3e:	11 d0       	rcall	.+34     	; 0x7f62 <verifySpace>
    7f40:	8e e1       	ldi	r24, 0x1E	; 30
    7f42:	14 d0       	rcall	.+40     	; 0x7f6c <ptch1>
    7f44:	85 e9       	ldi	r24, 0x95	; 149
    7f46:	12 d0       	rcall	.+36     	; 0x7f6c <ptch1>
    7f48:	8f e0       	ldi	r24, 0x0F	; 15
    7f4a:	97 cf       	rjmp	.-210    	; 0x7e7a <to_putch>

00007f4c <ck_EOP>:
    7f4c:	80 32       	cpi	r24, 0x20	; 32
    7f4e:	99 f3       	breq	.-26     	; 0x7f36 <to_get_nextp>

00007f50 <ck_LEAVE>:
    7f50:	81 35       	cpi	r24, 0x51	; 81
    7f52:	11 f4       	brne	.+4      	; 0x7f58 <ver_put>
    7f54:	48 e0       	ldi	r20, 0x08	; 8
    7f56:	36 d0       	rcall	.+108    	; 0x7fc4 <watchdogConfig>

00007f58 <ver_put>:
    7f58:	04 d0       	rcall	.+8      	; 0x7f62 <verifySpace>
    7f5a:	eb cf       	rjmp	.-42     	; 0x7f32 <next_adr_put_ok>

00007f5c <getNch>:
    7f5c:	0f d0       	rcall	.+30     	; 0x7f7c <getch>
    7f5e:	41 50       	subi	r20, 0x01	; 1
    7f60:	e9 f7       	brne	.-6      	; 0x7f5c <getNch>

00007f62 <verifySpace>:
    7f62:	0c d0       	rcall	.+24     	; 0x7f7c <getch>
    7f64:	80 32       	cpi	r24, 0x20	; 32
    7f66:	09 f0       	breq	.+2      	; 0x7f6a <no_to>
    7f68:	46 d0       	rcall	.+140    	; 0x7ff6 <wait_timeout>

00007f6a <no_to>:
    7f6a:	84 e1       	ldi	r24, 0x14	; 20

00007f6c <ptch1>:
    7f6c:	90 91 c0 00 	lds	r25, 0x00C0	; 0x8000c0 <__DATA_REGION_ORIGIN__+0x60>
    7f70:	95 ff       	sbrs	r25, 5
    7f72:	fc cf       	rjmp	.-8      	; 0x7f6c <ptch1>
    7f74:	80 93 c6 00 	sts	0x00C6, r24	; 0x8000c6 <__DATA_REGION_ORIGIN__+0x66>
    7f78:	a8 95       	wdr
    7f7a:	08 95       	ret

00007f7c <getch>:
    7f7c:	80 91 c0 00 	lds	r24, 0x00C0	; 0x8000c0 <__DATA_REGION_ORIGIN__+0x60>
    7f80:	87 ff       	sbrs	r24, 7
    7f82:	fc cf       	rjmp	.-8      	; 0x7f7c <getch>
    7f84:	84 ff       	sbrs	r24, 4
    7f86:	a8 95       	wdr
    7f88:	80 91 c6 00 	lds	r24, 0x00C6	; 0x8000c6 <__DATA_REGION_ORIGIN__+0x66>
    7f8c:	08 95       	ret

00007f8e <set_eeprom_adr>:
    7f8e:	f9 99       	sbic	0x1f, 1	; 31
    7f90:	fe cf       	rjmp	.-4      	; 0x7f8e <set_eeprom_adr>
    7f92:	f2 bd       	out	0x22, r31	; 34
    7f94:	e1 bd       	out	0x21, r30	; 33
    7f96:	31 96       	adiw	r30, 0x01	; 1
    7f98:	08 95       	ret

00007f9a <get_length>:
    7f9a:	f0 df       	rcall	.-32     	; 0x7f7c <getch>
    7f9c:	18 2f       	mov	r17, r24
    7f9e:	ee df       	rcall	.-36     	; 0x7f7c <getch>
    7fa0:	08 2f       	mov	r16, r24
    7fa2:	d8 01       	movw	r26, r16
    7fa4:	eb df       	rcall	.-42     	; 0x7f7c <getch>
    7fa6:	85 54       	subi	r24, 0x45	; 69
    7fa8:	68 2e       	mov	r6, r24
    7faa:	08 95       	ret

00007fac <wait_flash_ready>:
    7fac:	07 b6       	in	r0, 0x37	; 55
    7fae:	00 fc       	sbrc	r0, 0
    7fb0:	fd cf       	rjmp	.-6      	; 0x7fac <wait_flash_ready>
    7fb2:	08 95       	ret

00007fb4 <check_in_rww>:
    7fb4:	80 e7       	ldi	r24, 0x70	; 112
    7fb6:	58 16       	cp	r5, r24

00007fb8 <ret_check>:
    7fb8:	08 95       	ret

00007fba <boot_page_erase>:
    7fba:	f2 01       	movw	r30, r4
    7fbc:	43 e0       	ldi	r20, 0x03	; 3

00007fbe <my_do_spm>:
    7fbe:	47 bf       	out	0x37, r20	; 55
    7fc0:	e8 95       	spm

00007fc2 <no_erase4>:
    7fc2:	08 95       	ret

00007fc4 <watchdogConfig>:
    7fc4:	58 e1       	ldi	r21, 0x18	; 24
    7fc6:	50 93 60 00 	sts	0x0060, r21	; 0x800060 <__DATA_REGION_ORIGIN__>
    7fca:	40 93 60 00 	sts	0x0060, r20	; 0x800060 <__DATA_REGION_ORIGIN__>
    7fce:	08 95       	ret

00007fd0 <wait_T1ov>:
    7fd0:	8c ef       	ldi	r24, 0xFC	; 252
    7fd2:	80 93 85 00 	sts	0x0085, r24	; 0x800085 <__DATA_REGION_ORIGIN__+0x25>
    7fd6:	82 ef       	ldi	r24, 0xF2	; 242
    7fd8:	80 93 84 00 	sts	0x0084, r24	; 0x800084 <__DATA_REGION_ORIGIN__+0x24>
    7fdc:	85 e0       	ldi	r24, 0x05	; 5
    7fde:	80 93 81 00 	sts	0x0081, r24	; 0x800081 <__DATA_REGION_ORIGIN__+0x21>

00007fe2 <wt_ov1>:
    7fe2:	08 94       	sec
    7fe4:	48 9b       	sbis	0x09, 0	; 9
    7fe6:	08 95       	ret
    7fe8:	86 b3       	in	r24, 0x16	; 22
    7fea:	80 ff       	sbrs	r24, 0
    7fec:	fa cf       	rjmp	.-12     	; 0x7fe2 <wt_ov1>
    7fee:	86 bb       	out	0x16, r24	; 22
    7ff0:	88 94       	clc
    7ff2:	a8 95       	wdr
    7ff4:	08 95       	ret

00007ff6 <wait_timeout>:
    7ff6:	48 e0       	ldi	r20, 0x08	; 8
    7ff8:	e5 df       	rcall	.-54     	; 0x7fc4 <watchdogConfig>

00007ffa <lop77>:
    7ffa:	ff cf       	rjmp	.-2      	; 0x7ffa <lop77>
; 
; FORCE_WATCHDOG=
; LED_START_FLASHES=3
; LED_DATA_FLASH=
; LED=B5
; UART=0
; SOURCE_TYPE=S
; SUPPORT_EEPROM=1
; MCU_TARGET = atmega328p
; AVR_FREQ= 16000000
; BAUD_RATE=115200
