\BOOKMARK [0][-]{chapter.1}{\376\377\000P\000r\000i\000n\000c\000i\000p\000l\000e\000\040\000f\000u\000n\000c\000t\000i\000o\000n\000\040\000o\000f\000\040\000a\000\040\000b\000o\000o\000t\000-\000l\000o\000a\000d\000e\000r}{}% 1
\BOOKMARK [0][-]{chapter.2}{\376\377\000T\000h\000e\000\040\000H\000a\000r\000d\000w\000a\000r\000e\000\040\000o\000f\000\040\000t\000h\000e\000\040\000A\000V\000R\000\040\0008\000-\000b\000i\000t\000\040\000m\000i\000c\000r\000o\000\040\000c\000o\000n\000t\000r\000o\000l\000l\000e\000r\000s}{}% 2
\BOOKMARK [1][-]{section.2.1}{\376\377\000C\000P\000U\000\040\000a\000n\000d\000\040\000m\000e\000m\000o\000r\000y\000\040\000a\000c\000c\000e\000s\000s}{chapter.2}% 3
\BOOKMARK [1][-]{section.2.2}{\376\377\000I\000n\000p\000u\000t\000\040\000a\000n\000d\000\040\000O\000u\000t\000p\000u\000t\000\040\000f\000u\000n\000c\000t\000i\000o\000n}{chapter.2}% 4
\BOOKMARK [1][-]{section.2.3}{\376\377\000T\000h\000e\000\040\000s\000t\000a\000r\000t\000\040\000o\000f\000\040\000A\000V\000R\000\040\000m\000i\000c\000r\000o\000-\000c\000o\000n\000t\000r\000o\000l\000l\000e\000r\000s}{chapter.2}% 5
\BOOKMARK [1][-]{section.2.4}{\376\377\000W\000r\000i\000t\000i\000n\000g\000\040\000t\000o\000\040\000t\000h\000e\000\040\000A\000V\000R\000\040\000m\000e\000m\000o\000r\000i\000e\000s}{chapter.2}% 6
\BOOKMARK [2][-]{subsection.2.4.1}{\376\377\000P\000a\000r\000a\000l\000l\000e\000l\000\040\000p\000r\000o\000g\000r\000a\000m\000m\000i\000n\000g}{section.2.4}% 7
\BOOKMARK [2][-]{subsection.2.4.2}{\376\377\000s\000e\000r\000i\000a\000l\000\040\000d\000o\000w\000n\000l\000o\000a\000d\000\040\000w\000i\000t\000h\000\040\000I\000S\000P}{section.2.4}% 8
\BOOKMARK [2][-]{subsection.2.4.3}{\376\377\000S\000e\000l\000f\000\040\000p\000r\000o\000g\000r\000a\000m\000m\000i\000n\000g\000\040\000w\000i\000t\000h\000\040\000s\000e\000r\000i\000a\000l\000\040\000i\000n\000t\000e\000r\000f\000a\000c\000e}{section.2.4}% 9
\BOOKMARK [2][-]{subsection.2.4.4}{\376\377\000D\000i\000a\000g\000n\000o\000s\000t\000i\000c\000\040\000T\000o\000o\000l\000s}{section.2.4}% 10
\BOOKMARK [0][-]{chapter.3}{\376\377\000T\000h\000e\000\040\000o\000p\000t\000i\000b\000o\000o\000t\000\040\000b\000o\000o\000t\000-\000l\000o\000a\000d\000e\000r\000\040\000f\000o\000r\000\040\000A\000V\000R\000\040\000M\000i\000c\000r\000o\000-\000c\000o\000n\000t\000r\000o\000l\000l\000e\000r\000s}{}% 11
\BOOKMARK [1][-]{section.3.1}{\376\377\000C\000h\000a\000n\000g\000e\000s\000\040\000a\000n\000d\000\040\000e\000n\000h\000a\000n\000c\000e\000m\000e\000n\000t\000s\000\040\000t\000o\000\040\000t\000h\000e\000\040\000v\000e\000r\000s\000i\000o\000n\000\040\0006\000.\0002}{chapter.3}% 12
\BOOKMARK [1][-]{section.3.2}{\376\377\000F\000e\000a\000t\000u\000r\000e\000s\000\040\000o\000f\000\040\000t\000h\000e\000\040\000o\000p\000t\000i\000b\000o\000o\000t\000\040\000A\000s\000s\000e\000m\000b\000l\000e\000r\000\040\000v\000e\000r\000s\000i\000o\000n}{chapter.3}% 13
\BOOKMARK [1][-]{section.3.3}{\376\377\000A\000u\000t\000o\000m\000a\000t\000i\000c\000\040\000s\000i\000z\000e\000\040\000a\000d\000a\000p\000t\000i\000o\000n\000\040\000i\000n\000\040\000t\000h\000e\000\040\000o\000p\000t\000i\000b\000o\000o\000t\000\040\000M\000a\000k\000e\000f\000i\000l\000e}{chapter.3}% 14
\BOOKMARK [1][-]{section.3.4}{\376\377\000t\000a\000r\000g\000e\000t\000\040\000s\000e\000l\000e\000c\000t\000i\000o\000n\000\040\000f\000o\000r\000\040\000t\000h\000e\000\040\000o\000p\000t\000i\000b\000o\000o\000t\000\040\000M\000a\000k\000e\000f\000i\000l\000e}{chapter.3}% 15
\BOOKMARK [1][-]{section.3.5}{\376\377\000T\000h\000e\000\040\000O\000p\000t\000i\000o\000n\000s\000\040\000f\000o\000r\000\040\000t\000h\000e\000\040\000o\000p\000t\000i\000b\000o\000o\000t\000\040\000M\000a\000k\000e\000f\000i\000l\000e}{chapter.3}% 16
\BOOKMARK [1][-]{section.3.6}{\376\377\000U\000s\000a\000g\000e\000\040\000o\000f\000\040\000o\000p\000t\000i\000b\000o\000o\000t\000\040\000w\000i\000t\000h\000o\000u\000t\000\040\000a\000\040\000b\000o\000o\000t\000-\000l\000o\000a\000d\000e\000r\000\040\000a\000r\000e\000a}{chapter.3}% 17
\BOOKMARK [1][-]{section.3.7}{\376\377\000C\000a\000p\000a\000b\000i\000l\000i\000t\000i\000e\000s\000\040\000o\000f\000\040\000t\000h\000e\000\040\000s\000e\000r\000i\000a\000l\000\040\000i\000n\000t\000e\000r\000f\000a\000c\000e\000\040\000w\000i\000t\000h\000\040\000t\000h\000e\000\040\000a\000p\000p\000l\000i\000e\000d\000\040\000s\000o\000f\000t\000w\000a\000r\000e}{chapter.3}% 18
\BOOKMARK [2][-]{subsection.3.7.1}{\376\377\000C\000o\000m\000p\000u\000t\000i\000n\000g\000\040\000o\000f\000\040\000t\000h\000e\000\040\000d\000e\000l\000a\000y\000\040\000t\000i\000m\000e}{section.3.7}% 19
\BOOKMARK [2][-]{subsection.3.7.2}{\376\377\000U\000s\000i\000n\000g\000\040\000m\000o\000r\000e\000\040\000t\000h\000a\000n\000\040\000o\000n\000e\000\040\000s\000e\000r\000i\000a\000l\000\040\000i\000n\000t\000e\000r\000f\000a\000c\000e}{section.3.7}% 20
\BOOKMARK [2][-]{subsection.3.7.3}{\376\377\000S\000e\000r\000i\000a\000l\000\040\000I\000n\000p\000u\000t\000\040\000a\000n\000d\000\040\000O\000u\000t\000p\000u\000t\000\040\000w\000i\000t\000h\000\040\000o\000n\000l\000y\000\040\000o\000n\000e\000\040\000A\000V\000R\000\040\000P\000i\000n}{section.3.7}% 21
\BOOKMARK [2][-]{subsection.3.7.4}{\376\377\000U\000s\000e\000\040\000o\000f\000\040\000t\000h\000e\000\040\000a\000u\000t\000o\000m\000a\000t\000i\000c\000\040\000b\000a\000u\000d\000\040\000r\000a\000t\000e\000\040\000d\000e\000t\000e\000c\000t\000i\000o\000n}{section.3.7}% 22
\BOOKMARK [2][-]{subsection.3.7.5}{\376\377\000S\000p\000e\000c\000i\000a\000l\000\040\000f\000e\000a\000t\000u\000r\000e\000s\000\040\000o\000f\000\040\000t\000h\000e\000\040\000s\000e\000r\000i\000a\000l\000\040\000i\000n\000t\000e\000r\000f\000a\000c\000e}{section.3.7}% 23
\BOOKMARK [1][-]{section.3.8}{\376\377\000S\000o\000m\000e\000\040\000e\000x\000a\000m\000p\000l\000e\000s\000\040\000o\000f\000\040\000b\000u\000i\000l\000d\000i\000n\000g\000\040\000a\000\040\000o\000p\000t\000i\000b\000o\000o\000t\000\040\000b\000o\000o\000t\000l\000o\000a\000d\000e\000r}{chapter.3}% 24
\BOOKMARK [1][-]{section.3.9}{\376\377\000C\000l\000o\000c\000k\000\040\000F\000r\000e\000q\000u\000e\000n\000c\000y\000\040\000C\000o\000r\000r\000e\000c\000t\000i\000o\000n\000\040\000o\000f\000\040\000t\000h\000e\000\040\000i\000n\000t\000e\000r\000n\000a\000l\000\040\000R\000C\000-\000G\000e\000n\000e\000r\000a\000t\000o\000r}{chapter.3}% 25
\BOOKMARK [2][-]{subsection.3.9.1}{\376\377\000R\000C\000-\000g\000e\000n\000e\000r\000a\000t\000o\000r\000s\000\040\000c\000h\000e\000c\000k\000\040\000o\000f\000\040\000t\000h\000e\000\040\000A\000T\000m\000e\000g\000a\0008}{section.3.9}% 26
\BOOKMARK [2][-]{subsection.3.9.2}{\376\377\000R\000C\000-\000G\000e\000n\000e\000r\000a\000t\000o\000r\000s\000\040\000c\000h\000e\000c\000k\000\040\000o\000f\000\040\000t\000h\000e\000\040\000A\000T\000m\000e\000g\000a\0008\0005\0003\0005}{section.3.9}% 27
\BOOKMARK [2][-]{subsection.3.9.3}{\376\377\000R\000C\000-\000G\000e\000n\000e\000r\000a\000t\000o\000r\000s\000\040\000c\000h\000e\000c\000k\000\040\000o\000f\000\040\000t\000h\000e\000\040\000A\000T\000m\000e\000g\000a\0008\0005\0001\0005\000\040\000a\000n\000d\000\040\000t\000h\000e\000\040\000A\000T\000m\000e\000g\000a\0001\0006\0002}{section.3.9}% 28
\BOOKMARK [2][-]{subsection.3.9.4}{\376\377\000R\000C\000-\000G\000e\000n\000e\000r\000a\000t\000o\000r\000s\000\040\000c\000h\000e\000c\000k\000\040\000o\000f\000\040\000t\000h\000e\000\040\000A\000T\000m\000e\000g\000a\0003\0002\0008\000\040\000f\000a\000m\000i\000l\000y}{section.3.9}% 29
\BOOKMARK [2][-]{subsection.3.9.5}{\376\377\000R\000C\000-\000G\000e\000n\000e\000r\000a\000t\000o\000r\000s\000\040\000c\000h\000e\000c\000k\000\040\000o\000f\000\040\000t\000h\000e\000\040\000A\000T\000m\000e\000g\000a\0003\0002\000\040\000/\000\040\0001\0006}{section.3.9}% 30
\BOOKMARK [2][-]{subsection.3.9.6}{\376\377\000R\000C\000-\000G\000e\000n\000e\000r\000a\000t\000o\000r\000\040\000c\000h\000e\000c\000k\000\040\000o\000f\000\040\000t\000h\000e\000\040\000A\000T\000m\000e\000g\000a\0001\0006\0003\000L}{section.3.9}% 31
\BOOKMARK [2][-]{subsection.3.9.7}{\376\377\000R\000C\000-\000G\000e\000n\000e\000r\000a\000t\000o\000r\000\040\000c\000h\000e\000c\000k\000\040\000o\000f\000\040\000t\000h\000e\000\040\000A\000T\000m\000e\000g\000a\0006\0004\000\040\000/\000\040\0001\0002\0008}{section.3.9}% 32
\BOOKMARK [2][-]{subsection.3.9.8}{\376\377\000R\000C\000-\000G\000e\000n\000e\000r\000a\000t\000o\000r\000\040\000c\000h\000e\000c\000k\000\040\000o\000f\000\040\000t\000h\000e\000\040\000A\000T\000m\000e\000g\000a\0006\0004\0004\000\040\000f\000a\000m\000i\000l\000y}{section.3.9}% 33
\BOOKMARK [2][-]{subsection.3.9.9}{\376\377\000R\000C\000-\000G\000e\000n\000e\000r\000a\000t\000o\000r\000\040\000c\000h\000e\000c\000k\000\040\000o\000f\000\040\000t\000h\000e\000\040\000A\000T\000m\000e\000g\000a\0006\0004\0005\000\040\000f\000a\000m\000i\000l\000y}{section.3.9}% 34
\BOOKMARK [2][-]{subsection.3.9.10}{\376\377\000R\000C\000-\000G\000e\000n\000e\000r\000a\000t\000o\000r\000\040\000c\000h\000e\000c\000k\000\040\000o\000f\000\040\000t\000h\000e\000\040\000A\000T\000m\000e\000g\000a\0006\0004\0009\000\040\000f\000a\000m\000i\000l\000y}{section.3.9}% 35
\BOOKMARK [2][-]{subsection.3.9.11}{\376\377\000R\000C\000-\000G\000e\000n\000e\000r\000a\000t\000o\000r\000\040\000c\000h\000e\000c\000k\000\040\000o\000f\000\040\000t\000h\000e\000\040\000A\000T\000m\000e\000g\000a\0002\0005\0006\0000\000\040\000f\000a\000m\000i\000l\000y}{section.3.9}% 36
\BOOKMARK [2][-]{subsection.3.9.12}{\376\377\000R\000C\000-\000G\000e\000n\000e\000r\000a\000t\000o\000r\000\040\000c\000h\000e\000c\000k\000\040\000o\000f\000\040\000t\000h\000e\000\040\000A\000T\000t\000i\000n\000y\0004\0003\0001\0003\000\040\000f\000a\000m\000i\000l\000y}{section.3.9}% 37
\BOOKMARK [2][-]{subsection.3.9.13}{\376\377\000R\000C\000-\000G\000e\000n\000e\000r\000a\000t\000o\000r\000\040\000c\000h\000e\000c\000k\000\040\000o\000f\000\040\000t\000h\000e\000\040\000A\000T\000t\000i\000n\000y\0008\0004\000\040\000f\000a\000m\000i\000l\000y}{section.3.9}% 38
\BOOKMARK [2][-]{subsection.3.9.14}{\376\377\000R\000C\000-\000G\000e\000n\000e\000r\000a\000t\000o\000r\000s\000\040\000c\000h\000e\000c\000k\000\040\000o\000f\000\040\000t\000h\000e\000\040\000A\000T\000t\000i\000n\000y\0008\0005\000\040\000f\000a\000m\000i\000l\000y}{section.3.9}% 39
\BOOKMARK [2][-]{subsection.3.9.15}{\376\377\000R\000C\000-\000G\000e\000n\000e\000r\000a\000t\000o\000r\000s\000\040\000c\000h\000e\000c\000k\000\040\000o\000f\000\040\000t\000h\000e\000\040\000A\000T\000t\000i\000n\000y\0008\0004\0001\000\040\000f\000a\000m\000i\000l\000y}{section.3.9}% 40
\BOOKMARK [2][-]{subsection.3.9.16}{\376\377\000R\000C\000-\000G\000e\000n\000e\000r\000a\000t\000o\000r\000s\000\040\000c\000h\000e\000c\000k\000\040\000o\000f\000\040\000t\000h\000e\000\040\000A\000T\000t\000i\000n\000y\0008\0006\0001\000\040\000f\000a\000m\000i\000l\000y}{section.3.9}% 41
\BOOKMARK [2][-]{subsection.3.9.17}{\376\377\000R\000C\000-\000G\000e\000n\000e\000r\000a\000t\000o\000r\000s\000\040\000c\000h\000e\000c\000k\000\040\000o\000f\000\040\000t\000h\000e\000\040\000A\000T\000t\000i\000n\000y\0008\0007\000\040\000f\000a\000m\000i\000l\000y}{section.3.9}% 42
\BOOKMARK [2][-]{subsection.3.9.18}{\376\377\000R\000C\000-\000G\000e\000n\000e\000r\000a\000t\000o\000r\000s\000\040\000c\000h\000e\000c\000k\000\040\000o\000f\000\040\000t\000h\000e\000\040\000A\000T\000t\000i\000n\000y\0008\0008\000\040\000f\000a\000m\000i\000l\000y}{section.3.9}% 43
\BOOKMARK [2][-]{subsection.3.9.19}{\376\377\000R\000C\000-\000G\000e\000n\000e\000r\000a\000t\000o\000r\000\040\000c\000h\000e\000c\000k\000\040\000o\000f\000\040\000t\000h\000e\000\040\000A\000T\000t\000i\000n\000y\0001\0006\0003\0004}{section.3.9}% 44
\BOOKMARK [2][-]{subsection.3.9.20}{\376\377\000R\000C\000-\000G\000e\000n\000e\000r\000a\000t\000o\000r\000s\000\040\000c\000h\000e\000c\000k\000\040\000o\000f\000\040\000t\000h\000e\000\040\000A\000T\0009\0000\000P\000W\000M\000\040\000f\000a\000m\000i\000l\000y}{section.3.9}% 45
\BOOKMARK [2][-]{subsection.3.9.21}{\376\377\000R\000C\000-\000G\000e\000n\000e\000r\000a\000t\000o\000r\000s\000\040\000c\000h\000e\000c\000k\000\040\000o\000f\000\040\000t\000h\000e\000\040\000A\000T\0009\0000\000C\000A\000N\000\040\000f\000a\000m\000i\000l\000y}{section.3.9}% 46
\BOOKMARK [1][-]{section.3.10}{\376\377\000E\000x\000a\000m\000i\000n\000a\000t\000i\000o\000n\000\040\000o\000f\000\040\000t\000h\000e\000\040\000c\000o\000o\000p\000e\000r\000a\000t\000i\000o\000n\000\040\000w\000i\000t\000h\000\040\000U\000S\000B\000-\000s\000e\000r\000i\000a\000l\000\040\000c\000o\000n\000v\000e\000r\000t\000e\000r\000s}{chapter.3}% 47
\BOOKMARK [2][-]{subsection.3.10.1}{\376\377\000P\000r\000e\000f\000a\000c\000e\000\040\000t\000o\000\040\000t\000h\000e\000\040\000t\000e\000s\000t\000\040\000e\000n\000v\000i\000r\000o\000n\000m\000e\000n\000t}{section.3.10}% 48
\BOOKMARK [2][-]{subsection.3.10.2}{\376\377\000A\000u\000t\000o\000b\000a\000u\000d\000\040\000m\000e\000a\000s\000u\000r\000e\000m\000e\000n\000t\000s\000\040\000w\000i\000t\000h\000\040\000d\000i\000f\000f\000e\000r\000e\000n\000t\000\040\000U\000S\000B\000-\000S\000e\000r\000i\000a\000l\000\040\000c\000h\000i\000p\000s}{section.3.10}% 49
\BOOKMARK [2][-]{subsection.3.10.3}{\376\377\000M\000e\000a\000s\000u\000r\000e\000m\000e\000n\000t\000\040\000o\000f\000\040\000U\000S\000B\000-\000s\000e\000r\000i\000a\000l\000\040\000c\000o\000n\000v\000e\000r\000t\000e\000r\000s\000\040\000m\000i\000t\000\040\000f\000i\000x\000e\000d\000\040\000o\000p\000t\000i\000b\000o\000o\000t\000\040\000b\000a\000u\000d\000\040\000r\000a\000t\000e}{section.3.10}% 50
\BOOKMARK [2][-]{subsection.3.10.4}{\376\377\000E\000x\000t\000r\000e\000m\000e\000\040\000t\000e\000s\000t\000\040\000w\000i\000t\000h\000\040\0001\0001\0005\0002\0000\0000\000\040\000B\000a\000u\000d\000\040\000a\000t\000\040\0008\000\040\000M\000H\000z\000\040\000c\000l\000o\000c\000k}{section.3.10}% 51
\BOOKMARK [2][-]{subsection.3.10.5}{\376\377\000E\000x\000t\000r\000e\000m\000e\000\040\000t\000e\000s\000t\000\040\000w\000i\000t\000h\000\040\0002\0003\0000\0004\0000\0000\000\040\000B\000a\000u\000d\000\040\000a\000t\000\040\0001\0006\000\040\000M\000H\000z\000\040\000c\000l\000o\000c\000k\000\040\000r\000a\000t\000e}{section.3.10}% 52
\BOOKMARK [2][-]{subsection.3.10.6}{\376\377\000S\000u\000m\000m\000a\000r\000y\000\040\000a\000n\000d\000\040\000r\000e\000c\000o\000m\000m\000e\000n\000d\000a\000t\000i\000o\000n\000s}{section.3.10}% 53
\BOOKMARK [1][-]{section.3.11}{\376\377\000F\000i\000n\000a\000l\000\040\000r\000e\000m\000a\000r\000k}{chapter.3}% 54
\BOOKMARK [0][-]{chapter.4}{\376\377\000D\000a\000t\000a\000\040\000o\000f\000\040\000t\000h\000e\000\040\000A\000V\000R\000\040\0008\000-\000B\000i\000t\000\040\000M\000i\000c\000r\000o\000c\000o\000n\000t\000r\000o\000l\000l\000e\000r\000s}{}% 55
\BOOKMARK [1][-]{section.4.1}{\376\377\000S\000i\000g\000n\000a\000t\000u\000r\000e\000\040\000B\000y\000t\000e\000s\000\040\000a\000n\000d\000\040\000d\000e\000f\000a\000u\000l\000t\000\040\000F\000u\000s\000e\000\040\000s\000e\000t\000t\000i\000n\000g}{chapter.4}% 56
\BOOKMARK [1][-]{section.4.2}{\376\377\000L\000a\000y\000o\000u\000t\000\040\000o\000f\000\040\000t\000h\000e\000\040\000f\000u\000s\000e\000s}{chapter.4}% 57
\BOOKMARK [1][-]{section.4.3}{\376\377\000P\000o\000s\000s\000i\000b\000l\000e\000\040\000i\000n\000t\000e\000r\000n\000a\000l\000\040\000c\000l\000o\000c\000k\000\040\000f\000r\000e\000q\000u\000e\000n\000c\000i\000e\000s}{chapter.4}% 58
\BOOKMARK [0][-]{chapter.5}{\376\377\000V\000a\000r\000i\000o\000u\000s\000\040\000U\000S\000B\000\040\000t\000o\000\040\000s\000e\000r\000i\000a\000l\000\040\000c\000o\000n\000v\000e\000r\000t\000e\000r\000\040\000w\000i\000t\000h\000\040\000L\000i\000n\000u\000x}{}% 59
\BOOKMARK [1][-]{section.5.1}{\376\377\000T\000h\000e\000\040\000C\000H\0003\0004\0000\000G\000\040\000a\000n\000d\000\040\000t\000h\000e\000\040\000C\000P\0002\0001\0000\0002\000\040\000c\000o\000n\000v\000e\000r\000t\000e\000r\000\040}{chapter.5}% 60
\BOOKMARK [1][-]{section.5.2}{\376\377\000T\000h\000e\000\040\000P\000L\000-\0002\0003\0000\0003\000\040\000a\000n\000d\000\040\000t\000h\000e\000\040\000F\000T\0002\0003\0002\000R\000\040\000c\000o\000n\000v\000e\000r\000t\000e\000r}{chapter.5}% 61
\BOOKMARK [1][-]{section.5.3}{\376\377\000T\000h\000e\000\040\000U\000S\000B\000-\000s\000e\000r\000i\000a\000l\000\040\000c\000o\000n\000v\000e\000r\000t\000e\000r\000\040\000w\000i\000t\000h\000\040\000t\000h\000e\000\040\000A\000T\000m\000e\000g\000a\0001\0006\000X\0002\000\040\000s\000o\000f\000t\000w\000a\000r\000e}{chapter.5}% 62
\BOOKMARK [1][-]{section.5.4}{\376\377\000D\000e\000r\000\040\000P\000o\000l\000o\000l\000u\000\040\000U\000S\000B\000\040\000A\000V\000R\000\040\000P\000r\000o\000g\000r\000a\000m\000m\000e\000r\000\040\000v\0002\000.\0001}{chapter.5}% 63
